[17-Aug-2023 02:03:23 UTC] PHP Warning:  Attempt to read property "title" on null in /Users/max/Local Sites/theatre-three/app/public/wp-includes/class-wp-customize-widgets.php on line 905
[17-Aug-2023 14:24:16 UTC] PHP Warning:  An unexpected error occurred. Something may be wrong with WordPress.org or this server&#8217;s configuration. If you continue to have problems, please try the <a href="https://wordpress.org/support/forums/">support forums</a>. (WordPress could not establish a secure connection to WordPress.org. Please contact your server administrator.) in /Users/max/Local Sites/theatre-three/app/public/wp-includes/update.php on line 449
[17-Aug-2023 14:24:18 UTC] PHP Warning:  An unexpected error occurred. Something may be wrong with WordPress.org or this server&#8217;s configuration. If you continue to have problems, please try the <a href="https://wordpress.org/support/forums/">support forums</a>. (WordPress could not establish a secure connection to WordPress.org. Please contact your server administrator.) in /Users/max/Local Sites/theatre-three/app/public/wp-includes/update.php on line 730
[23-Aug-2023 01:51:40 UTC] PHP Warning:  Attempt to read property "title" on null in /Users/max/Local Sites/theatre-three/app/public/wp-includes/class-wp-customize-widgets.php on line 905
[23-Aug-2023 01:52:19 UTC] PHP Warning:  Attempt to read property "title" on null in /Users/max/Local Sites/theatre-three/app/public/wp-includes/class-wp-customize-widgets.php on line 905
[23-Aug-2023 02:00:55 UTC] PHP Warning:  Attempt to read property "title" on null in /Users/max/Local Sites/theatre-three/app/public/wp-includes/class-wp-customize-widgets.php on line 905
[23-Aug-2023 02:01:16 UTC] PHP Warning:  Attempt to read property "title" on null in /Users/max/Local Sites/theatre-three/app/public/wp-includes/class-wp-customize-widgets.php on line 905
[23-Aug-2023 02:01:29 UTC] PHP Warning:  Attempt to read property "title" on null in /Users/max/Local Sites/theatre-three/app/public/wp-includes/class-wp-customize-widgets.php on line 905
[23-Aug-2023 02:01:30 UTC] PHP Warning:  Attempt to read property "title" on null in /Users/max/Local Sites/theatre-three/app/public/wp-includes/class-wp-customize-widgets.php on line 905
[23-Aug-2023 02:07:49 UTC] PHP Warning:  Attempt to read property "title" on null in /Users/max/Local Sites/theatre-three/app/public/wp-includes/class-wp-customize-widgets.php on line 905
[23-Aug-2023 02:08:43 UTC] PHP Warning:  Attempt to read property "title" on null in /Users/max/Local Sites/theatre-three/app/public/wp-includes/class-wp-customize-widgets.php on line 905
[23-Aug-2023 02:23:51 UTC] PHP Warning:  Attempt to read property "title" on null in /Users/max/Local Sites/theatre-three/app/public/wp-includes/class-wp-customize-widgets.php on line 905
[23-Aug-2023 02:23:58 UTC] PHP Warning:  Attempt to read property "title" on null in /Users/max/Local Sites/theatre-three/app/public/wp-includes/class-wp-customize-widgets.php on line 905
[23-Aug-2023 02:24:01 UTC] PHP Warning:  Attempt to read property "title" on null in /Users/max/Local Sites/theatre-three/app/public/wp-includes/class-wp-customize-widgets.php on line 905
[23-Aug-2023 15:17:15 UTC] PHP Fatal error:  Uncaught ArgumentCountError: Too few arguments to function add_action(), 1 passed in /Users/max/Local Sites/theatre-three/app/public/wp-content/themes/theatre-three-theme/functions.php on line 7 and at least 2 expected in /Users/max/Local Sites/theatre-three/app/public/wp-includes/plugin.php:441
Stack trace:
#0 /Users/max/Local Sites/theatre-three/app/public/wp-content/themes/theatre-three-theme/functions.php(7): add_action('after_setup_the...')
#1 /Users/max/Local Sites/theatre-three/app/public/wp-settings.php(600): include('/Users/max/Loca...')
#2 /Users/max/Local Sites/theatre-three/app/public/wp-config.php(103): require_once('/Users/max/Loca...')
#3 /Users/max/Local Sites/theatre-three/app/public/wp-load.php(50): require_once('/Users/max/Loca...')
#4 /Users/max/Local Sites/theatre-three/app/public/wp-admin/admin-ajax.php(22): require_once('/Users/max/Loca...')
#5 {main}
  thrown in /Users/max/Local Sites/theatre-three/app/public/wp-includes/plugin.php on line 441
[24-Aug-2023 06:08:47 UTC] PHP Fatal error:  Uncaught Error: Call to undefined function get_header() in /Users/max/Local Sites/theatre-three/app/public/wp-content/themes/theatre-three-theme/index.php:1
Stack trace:
#0 {main}
  thrown in /Users/max/Local Sites/theatre-three/app/public/wp-content/themes/theatre-three-theme/index.php on line 1
[26-Aug-2023 14:36:37 UTC] PHP Parse error:  syntax error, unexpected single-quoted string "view_", expecting ")" in /Users/max/Local Sites/theatre-three/app/public/wp-content/mu-plugins/custom-post-types.php on line 13
[27-Aug-2023 03:36:49 UTC] PHP Parse error:  syntax error, unexpected single-quoted string "supports", expecting ")" in /Users/max/Local Sites/theatre-three/app/public/wp-content/mu-plugins/custom-post-types.php on line 6
[27-Aug-2023 13:05:01 UTC] PHP Warning:  Attempt to read property "title" on null in /Users/max/Local Sites/theatre-three/app/public/wp-includes/class-wp-customize-widgets.php on line 905
[27-Aug-2023 14:07:17 UTC] PHP Fatal error:  Cannot redeclare custom_post_types() (previously declared in /Users/max/Local Sites/theatre-three/app/public/wp-content/mu-plugins/custom-post-types.php:4) in /Users/max/Local Sites/theatre-three/app/public/wp-content/themes/theatre-three-theme/functions.php on line 14
[27-Aug-2023 14:07:17 UTC] PHP Warning:  Trying to access array offset on value of type bool in /Users/max/Local Sites/theatre-three/app/public/wp-includes/class-wp-recovery-mode-email-service.php on line 367
[27-Aug-2023 14:07:17 UTC] PHP Warning:  Trying to access array offset on value of type bool in /Users/max/Local Sites/theatre-three/app/public/wp-includes/class-wp-recovery-mode-email-service.php on line 368
[28-Aug-2023 16:18:54 UTC] PHP Fatal error:  Uncaught ArgumentCountError: DateTime::format() expects exactly 1 argument, 2 given in /Users/max/Local Sites/theatre-three/app/public/wp-content/themes/theatre-three-theme/index.php:30
Stack trace:
#0 /Users/max/Local Sites/theatre-three/app/public/wp-content/themes/theatre-three-theme/index.php(30): DateTime->format('M', 'y')
#1 /Users/max/Local Sites/theatre-three/app/public/wp-includes/template-loader.php(106): include('/Users/max/Loca...')
#2 /Users/max/Local Sites/theatre-three/app/public/wp-blog-header.php(19): require_once('/Users/max/Loca...')
#3 /Users/max/Local Sites/theatre-three/app/public/index.php(17): require('/Users/max/Loca...')
#4 {main}
  thrown in /Users/max/Local Sites/theatre-three/app/public/wp-content/themes/theatre-three-theme/index.php on line 30
[28-Aug-2023 16:19:20 UTC] PHP Fatal error:  Uncaught ArgumentCountError: DateTime::format() expects exactly 1 argument, 2 given in /Users/max/Local Sites/theatre-three/app/public/wp-content/themes/theatre-three-theme/index.php:30
Stack trace:
#0 /Users/max/Local Sites/theatre-three/app/public/wp-content/themes/theatre-three-theme/index.php(30): DateTime->format('M', 'y')
#1 /Users/max/Local Sites/theatre-three/app/public/wp-includes/template-loader.php(106): include('/Users/max/Loca...')
#2 /Users/max/Local Sites/theatre-three/app/public/wp-blog-header.php(19): require_once('/Users/max/Loca...')
#3 /Users/max/Local Sites/theatre-three/app/public/index.php(17): require('/Users/max/Loca...')
#4 {main}
  thrown in /Users/max/Local Sites/theatre-three/app/public/wp-content/themes/theatre-three-theme/index.php on line 30
[28-Aug-2023 16:20:07 UTC] PHP Parse error:  syntax error, unexpected token "echo", expecting "," or ";" in /Users/max/Local Sites/theatre-three/app/public/wp-content/themes/theatre-three-theme/index.php on line 31
[28-Aug-2023 19:42:26 UTC] PHP Warning:  Attempt to read property "title" on null in /Users/max/Local Sites/theatre-three/app/public/wp-includes/class-wp-customize-widgets.php on line 905
[28-Aug-2023 19:42:51 UTC] PHP Warning:  Attempt to read property "title" on null in /Users/max/Local Sites/theatre-three/app/public/wp-includes/class-wp-customize-widgets.php on line 905
[28-Aug-2023 19:52:16 UTC] PHP Fatal error:  Uncaught Error: Call to undefined function get_field() in /Users/christophercardoz/Local Sites/theatre-three-website/app/public/wp-content/themes/theatre-three-theme/index.php:29
Stack trace:
#0 /Users/christophercardoz/Local Sites/theatre-three-website/app/public/wp-includes/template-loader.php(106): include()
#1 /Users/christophercardoz/Local Sites/theatre-three-website/app/public/wp-blog-header.php(19): require_once('/Users/christop...')
#2 /Users/christophercardoz/Local Sites/theatre-three-website/app/public/index.php(17): require('/Users/christop...')
#3 {main}
  thrown in /Users/christophercardoz/Local Sites/theatre-three-website/app/public/wp-content/themes/theatre-three-theme/index.php on line 29
[28-Aug-2023 19:52:28 UTC] PHP Fatal error:  Uncaught Error: Call to undefined function get_field() in /Users/christophercardoz/Local Sites/theatre-three-website/app/public/wp-content/themes/theatre-three-theme/index.php:29
Stack trace:
#0 /Users/christophercardoz/Local Sites/theatre-three-website/app/public/wp-includes/template-loader.php(106): include()
#1 /Users/christophercardoz/Local Sites/theatre-three-website/app/public/wp-blog-header.php(19): require_once('/Users/christop...')
#2 /Users/christophercardoz/Local Sites/theatre-three-website/app/public/index.php(17): require('/Users/christop...')
#3 {main}
  thrown in /Users/christophercardoz/Local Sites/theatre-three-website/app/public/wp-content/themes/theatre-three-theme/index.php on line 29
[28-Aug-2023 19:54:27 UTC] PHP Fatal error:  Uncaught Error: Call to undefined function get_field() in /Users/christophercardoz/Local Sites/theatre-three-website/app/public/wp-content/themes/theatre-three-theme/index.php:29
Stack trace:
#0 /Users/christophercardoz/Local Sites/theatre-three-website/app/public/wp-includes/template-loader.php(106): include()
#1 /Users/christophercardoz/Local Sites/theatre-three-website/app/public/wp-blog-header.php(19): require_once('/Users/christop...')
#2 /Users/christophercardoz/Local Sites/theatre-three-website/app/public/index.php(17): require('/Users/christop...')
#3 {main}
  thrown in /Users/christophercardoz/Local Sites/theatre-three-website/app/public/wp-content/themes/theatre-three-theme/index.php on line 29
[29-Aug-2023 14:37:06 UTC] PHP Parse error:  Unclosed '{' on line 41 in /Users/max/Local Sites/theatre-three/app/public/wp-content/themes/theatre-three-theme/single-show.php on line 47
[29-Aug-2023 20:56:15 UTC] PHP Fatal error:  Uncaught TypeError: call_user_func_array(): Argument #1 ($callback) must be a valid callback, function "adjust_queries" not found or invalid function name in /Users/max/Local Sites/theatre-three/app/public/wp-includes/class-wp-hook.php:310
Stack trace:
#0 /Users/max/Local Sites/theatre-three/app/public/wp-includes/class-wp-hook.php(334): WP_Hook->apply_filters('', Array)
#1 /Users/max/Local Sites/theatre-three/app/public/wp-includes/plugin.php(565): WP_Hook->do_action(Array)
#2 /Users/max/Local Sites/theatre-three/app/public/wp-includes/class-wp-query.php(1881): do_action_ref_array('pre_get_posts', Array)
#3 /Users/max/Local Sites/theatre-three/app/public/wp-includes/class-wp-query.php(3800): WP_Query->get_posts()
#4 /Users/max/Local Sites/theatre-three/app/public/wp-includes/post.php(2441): WP_Query->query(Array)
#5 /Users/max/Local Sites/theatre-three/app/public/wp-content/plugins/advanced-custom-fields/includes/class-acf-internal-post-type.php(401): get_posts(Array)
#6 /Users/max/Local Sites/theatre-three/app/public/wp-content/plugins/advanced-custom-fields/includes/class-acf-internal-post-type.php(359): ACF_Internal_Post_Type->get_raw_posts()
#7 /Users/max/Local Sites/theatre-three/app/public/wp-content/plugins/advanced-custom-fields/includes/post-types/class-acf-taxonomy.php(126): ACF_Internal_Post_Type->get_posts(Array)
#8 /Users/max/Local Sites/theatre-three/app/public/wp-includes/class-wp-hook.php(310): ACF_Taxonomy->register_taxonomies(6)
#9 /Users/max/Local Sites/theatre-three/app/public/wp-includes/class-wp-hook.php(334): WP_Hook->apply_filters('', Array)
#10 /Users/max/Local Sites/theatre-three/app/public/wp-includes/plugin.php(517): WP_Hook->do_action(Array)
#11 /Users/max/Local Sites/theatre-three/app/public/wp-content/plugins/advanced-custom-fields/acf.php(394): do_action('acf/init', 6)
#12 /Users/max/Local Sites/theatre-three/app/public/wp-includes/class-wp-hook.php(310): ACF->init('')
#13 /Users/max/Local Sites/theatre-three/app/public/wp-includes/class-wp-hook.php(334): WP_Hook->apply_filters(NULL, Array)
#14 /Users/max/Local Sites/theatre-three/app/public/wp-includes/plugin.php(517): WP_Hook->do_action(Array)
#15 /Users/max/Local Sites/theatre-three/app/public/wp-settings.php(632): do_action('init')
#16 /Users/max/Local Sites/theatre-three/app/public/wp-config.php(103): require_once('/Users/max/Loca...')
#17 /Users/max/Local Sites/theatre-three/app/public/wp-load.php(50): require_once('/Users/max/Loca...')
#18 /Users/max/Local Sites/theatre-three/app/public/wp-admin/admin-ajax.php(22): require_once('/Users/max/Loca...')
#19 {main}
  thrown in /Users/max/Local Sites/theatre-three/app/public/wp-includes/class-wp-hook.php on line 310
[30-Aug-2023 13:33:13 UTC] PHP Fatal error:  Uncaught Error: Call to undefined function get_acf_field_count() in /Users/max/Local Sites/theatre-three/app/public/wp-content/themes/theatre-three-theme/single-second_stage_show.php:5
Stack trace:
#0 /Users/max/Local Sites/theatre-three/app/public/wp-includes/template-loader.php(106): include()
#1 /Users/max/Local Sites/theatre-three/app/public/wp-blog-header.php(19): require_once('/Users/max/Loca...')
#2 /Users/max/Local Sites/theatre-three/app/public/index.php(17): require('/Users/max/Loca...')
#3 {main}
  thrown in /Users/max/Local Sites/theatre-three/app/public/wp-content/themes/theatre-three-theme/single-second_stage_show.php on line 5
[30-Aug-2023 20:16:45 UTC] PHP Fatal error:  Uncaught TEC\Common\Exceptions\Not_Bound_Exception: Error while making Tribe__Dependency: class Tribe__Date_Utils not found. in /Users/max/Local Sites/theatre-three/app/public/wp-content/plugins/event-tickets/common/src/Common/Contracts/Container.php:27
Stack trace:
#0 /Users/max/Local Sites/theatre-three/app/public/wp-content/plugins/event-tickets/common/vendor/vendor-prefixed/lucatume/di52/src/Container.php(263): TEC\Common\Contracts\Container->get('Tribe\\Admin\\Not...')
#1 /Users/max/Local Sites/theatre-three/app/public/wp-content/plugins/event-tickets/common/src/Tribe/Container.php(179): TEC\Common\lucatume\DI52\Container->make('Tribe\\Admin\\Not...')
#2 /Users/max/Local Sites/theatre-three/app/public/wp-content/plugins/event-tickets/common/src/Tribe/Admin/Notice/Service_Provider.php(61): tribe('Tribe\\Admin\\Not...')
#3 /Users/max/Local Sites/theatre-three/app/public/wp-includes/class-wp-hook.php(310): Tribe\Admin\Notice\Service_Provider->plugins_loaded('')
#4 /Users/max/Local Sites/theatre-three/app/public/wp-includes/class-wp-hook.php(334): WP_Hook->apply_filters(NULL, Array)
#5 /Users/max/Local Sites/theatre-three/app/public/wp-includes/plugin.php(517): WP_Hook->do_action(Array)
#6 /Users/max/Local Sites/theatre-three/app/public/wp-content/plugins/event-tickets/common/src/Tribe/Main.php(690): do_action('tribe_plugins_l...')
#7 /Users/max/Local Sites/theatre-three/app/public/wp-includes/class-wp-hook.php(310): Tribe__Main->tribe_plugins_loaded('')
#8 /Users/max/Local Sites/theatre-three/app/public/wp-includes/class-wp-hook.php(334): WP_Hook->apply_filters(NULL, Array)
#9 /Users/max/Local Sites/theatre-three/app/public/wp-includes/plugin.php(517): WP_Hook->do_action(Array)
#10 /Users/max/Local Sites/theatre-three/app/public/wp-settings.php(495): do_action('plugins_loaded')
#11 /Users/max/Local Sites/theatre-three/app/public/wp-config.php(103): require_once('/Users/max/Loca...')
#12 /Users/max/Local Sites/theatre-three/app/public/wp-load.php(50): require_once('/Users/max/Loca...')
#13 /Users/max/Local Sites/theatre-three/app/public/wp-cron.php(46): require_once('/Users/max/Loca...')
#14 {main}
  thrown in /Users/max/Local Sites/theatre-three/app/public/wp-content/plugins/event-tickets/common/src/Common/Contracts/Container.php on line 27
[30-Aug-2023 20:17:40 UTC] Cron reschedule event error for hook: action_scheduler_run_queue, Error code: invalid_schedule, Error message: Event schedule does not exist., Data: {"schedule":"every_minute","args":["WP Cron"],"interval":60}
[30-Aug-2023 21:34:30 UTC] Cron reschedule event error for hook: action_scheduler_run_queue, Error code: invalid_schedule, Error message: Event schedule does not exist., Data: {"schedule":"every_minute","args":["WP Cron"],"interval":60}
[31-Aug-2023 16:59:04 UTC] PHP Parse error:  Unmatched '}' in /Users/max/Local Sites/theatre-three/app/public/wp-content/themes/theatre-three-theme/about_us.php on line 22
[04-Sep-2023 17:29:13 UTC] PHP Warning:  Attempt to read property "title" on null in /Users/max/Local Sites/theatre-three/app/public/wp-includes/class-wp-customize-widgets.php on line 905
[04-Sep-2023 17:32:33 UTC] PHP Parse error:  syntax error, unexpected identifier "register_post_type" in /Users/max/Local Sites/theatre-three/app/public/wp-content/mu-plugins/custom-post-types.php on line 50
[04-Sep-2023 17:34:13 UTC] PHP Parse error:  syntax error, unexpected identifier "register_post_type" in /Users/max/Local Sites/theatre-three/app/public/wp-content/mu-plugins/custom-post-types.php on line 62
[04-Sep-2023 17:36:21 UTC] PHP Parse error:  syntax error, unexpected identifier "register_post_type" in /Users/max/Local Sites/theatre-three/app/public/wp-content/mu-plugins/custom-post-types.php on line 34
[04-Sep-2023 17:37:50 UTC] PHP Parse error:  syntax error, unexpected identifier "register_post_type" in /Users/max/Local Sites/theatre-three/app/public/wp-content/mu-plugins/custom-post-types.php on line 38
[04-Sep-2023 17:37:52 UTC] PHP Parse error:  syntax error, unexpected identifier "register_post_type" in /Users/max/Local Sites/theatre-three/app/public/wp-content/mu-plugins/custom-post-types.php on line 38
[04-Sep-2023 17:37:52 UTC] PHP Parse error:  syntax error, unexpected identifier "register_post_type" in /Users/max/Local Sites/theatre-three/app/public/wp-content/mu-plugins/custom-post-types.php on line 38
[04-Sep-2023 17:41:53 UTC] PHP Parse error:  Unmatched '}' in /Users/max/Local Sites/theatre-three/app/public/wp-content/mu-plugins/custom-post-types.php on line 62
[04-Sep-2023 17:41:54 UTC] PHP Parse error:  Unmatched '}' in /Users/max/Local Sites/theatre-three/app/public/wp-content/mu-plugins/custom-post-types.php on line 62
[04-Sep-2023 18:13:04 UTC] PHP Fatal error:  Uncaught Error: Call to undefined function get_acf_field_count() in /Users/max/Local Sites/theatre-three/app/public/wp-content/themes/theatre-three-theme/single-childrens_show.php:6
Stack trace:
#0 /Users/max/Local Sites/theatre-three/app/public/wp-includes/template-loader.php(106): include()
#1 /Users/max/Local Sites/theatre-three/app/public/wp-blog-header.php(19): require_once('/Users/max/Loca...')
#2 /Users/max/Local Sites/theatre-three/app/public/index.php(17): require('/Users/max/Loca...')
#3 {main}
  thrown in /Users/max/Local Sites/theatre-three/app/public/wp-content/themes/theatre-three-theme/single-childrens_show.php on line 6
[04-Sep-2023 18:13:24 UTC] PHP Fatal error:  Uncaught Error: Call to undefined function get_acf_field_count() in /Users/max/Local Sites/theatre-three/app/public/wp-content/themes/theatre-three-theme/single-childrens_show.php:6
Stack trace:
#0 /Users/max/Local Sites/theatre-three/app/public/wp-includes/template-loader.php(106): include()
#1 /Users/max/Local Sites/theatre-three/app/public/wp-blog-header.php(19): require_once('/Users/max/Loca...')
#2 /Users/max/Local Sites/theatre-three/app/public/index.php(17): require('/Users/max/Loca...')
#3 {main}
  thrown in /Users/max/Local Sites/theatre-three/app/public/wp-content/themes/theatre-three-theme/single-childrens_show.php on line 6
[04-Sep-2023 20:16:48 UTC] PHP Fatal error:  Uncaught Error: Call to undefined function get_acf_field_count() in /Users/max/Local Sites/theatre-three/app/public/wp-content/themes/theatre-three-theme/single-second_stage_show.php:6
Stack trace:
#0 /Users/max/Local Sites/theatre-three/app/public/wp-includes/template-loader.php(106): include()
#1 /Users/max/Local Sites/theatre-three/app/public/wp-blog-header.php(19): require_once('/Users/max/Loca...')
#2 /Users/max/Local Sites/theatre-three/app/public/index.php(17): require('/Users/max/Loca...')
#3 {main}
  thrown in /Users/max/Local Sites/theatre-three/app/public/wp-content/themes/theatre-three-theme/single-second_stage_show.php on line 6
<<<<<<< HEAD
<<<<<<< HEAD
=======
>>>>>>> d4acbb54f018fcc904e9e42f3968c33488b99915
[05-Sep-2023 14:22:38 UTC] PHP Warning:  Undefined variable $castImage_description in /Users/max/Local Sites/theatre-three/app/public/wp-content/themes/theatre-three-theme/single-second_stage_show.php on line 65
[05-Sep-2023 14:22:38 UTC] PHP Warning:  Undefined variable $castImage_description in /Users/max/Local Sites/theatre-three/app/public/wp-content/themes/theatre-three-theme/single-second_stage_show.php on line 65
[05-Sep-2023 14:22:39 UTC] PHP Warning:  Undefined variable $castImage_description in /Users/max/Local Sites/theatre-three/app/public/wp-content/themes/theatre-three-theme/single-second_stage_show.php on line 65
[05-Sep-2023 14:22:39 UTC] PHP Warning:  Undefined variable $castImage_description in /Users/max/Local Sites/theatre-three/app/public/wp-content/themes/theatre-three-theme/single-second_stage_show.php on line 65
[05-Sep-2023 14:22:41 UTC] PHP Warning:  Undefined variable $castImage_description in /Users/max/Local Sites/theatre-three/app/public/wp-content/themes/theatre-three-theme/single-second_stage_show.php on line 65
[05-Sep-2023 14:22:41 UTC] PHP Warning:  Undefined variable $castImage_description in /Users/max/Local Sites/theatre-three/app/public/wp-content/themes/theatre-three-theme/single-second_stage_show.php on line 65
<<<<<<< HEAD
=======
>>>>>>> c48cfa3512655f8ca3745425adad1f66e53b60ce
=======
>>>>>>> d4acbb54f018fcc904e9e42f3968c33488b99915
[07-Sep-2023 20:38:50 UTC] PHP Warning:  Undefined array key "score" in /Users/max/Local Sites/theatre-three/app/public/wp-content/plugins/elementor-pro/modules/forms/classes/recaptcha-v3-handler.php on line 124
[07-Sep-2023 20:44:30 UTC] PHP Warning:  Undefined array key "data" in /Users/max/Local Sites/theatre-three/app/public/wp-content/plugins/elementor/core/common/modules/ajax/module.php on line 175
[07-Sep-2023 21:05:51 UTC] PHP Warning:  Undefined array key "data" in /Users/max/Local Sites/theatre-three/app/public/wp-content/plugins/elementor/core/common/modules/ajax/module.php on line 175
[07-Sep-2023 21:07:05 UTC] PHP Warning:  Undefined array key "data" in /Users/max/Local Sites/theatre-three/app/public/wp-content/plugins/elementor/core/common/modules/ajax/module.php on line 175
[07-Sep-2023 22:05:52 UTC] PHP Warning:  Undefined array key 0 in /Users/max/Local Sites/theatre-three/app/public/wp-content/plugins/elementor-pro/modules/dynamic-tags/acf/tags/acf-image.php on line 40
[07-Sep-2023 22:05:52 UTC] PHP Warning:  Undefined array key 1 in /Users/max/Local Sites/theatre-three/app/public/wp-content/plugins/elementor-pro/modules/dynamic-tags/acf/tags/acf-image.php on line 40
[07-Sep-2023 22:05:58 UTC] PHP Warning:  Undefined array key 0 in /Users/max/Local Sites/theatre-three/app/public/wp-content/plugins/elementor-pro/modules/dynamic-tags/acf/tags/acf-image.php on line 40
[07-Sep-2023 22:05:58 UTC] PHP Warning:  Undefined array key 1 in /Users/max/Local Sites/theatre-three/app/public/wp-content/plugins/elementor-pro/modules/dynamic-tags/acf/tags/acf-image.php on line 40
[07-Sep-2023 22:07:31 UTC] PHP Warning:  Undefined array key 0 in /Users/max/Local Sites/theatre-three/app/public/wp-content/plugins/elementor-pro/modules/dynamic-tags/acf/tags/acf-text.php on line 33
[07-Sep-2023 22:07:31 UTC] PHP Warning:  Undefined array key 1 in /Users/max/Local Sites/theatre-three/app/public/wp-content/plugins/elementor-pro/modules/dynamic-tags/acf/tags/acf-text.php on line 33
[08-Sep-2023 12:48:02 UTC] PHP Warning:  Undefined array key "data" in /Users/max/Local Sites/theatre-three/app/public/wp-content/plugins/elementor/core/common/modules/ajax/module.php on line 175
[08-Sep-2023 19:56:37 UTC] PHP Warning:  Undefined array key "data" in /Users/max/Local Sites/theatre-three/app/public/wp-content/plugins/elementor/core/common/modules/ajax/module.php on line 175
[08-Sep-2023 19:59:08 UTC] PHP Warning:  Undefined array key "data" in /Users/max/Local Sites/theatre-three/app/public/wp-content/plugins/elementor/core/common/modules/ajax/module.php on line 175
[11-Sep-2023 15:48:37 UTC] PHP Warning:  Undefined array key 0 in /Users/max/Local Sites/theatre-three/app/public/wp-content/plugins/elementor-pro/modules/dynamic-tags/acf/tags/acf-image.php on line 40
[11-Sep-2023 15:48:37 UTC] PHP Warning:  Undefined array key 1 in /Users/max/Local Sites/theatre-three/app/public/wp-content/plugins/elementor-pro/modules/dynamic-tags/acf/tags/acf-image.php on line 40
[11-Sep-2023 15:55:20 UTC] PHP Warning:  Undefined array key 0 in /Users/max/Local Sites/theatre-three/app/public/wp-content/plugins/elementor-pro/modules/dynamic-tags/acf/tags/acf-image.php on line 40
[11-Sep-2023 15:55:20 UTC] PHP Warning:  Undefined array key 1 in /Users/max/Local Sites/theatre-three/app/public/wp-content/plugins/elementor-pro/modules/dynamic-tags/acf/tags/acf-image.php on line 40
[11-Sep-2023 17:32:02 UTC] PHP Fatal error:  Uncaught Error: Undefined constant "show_description" in /Users/max/Local Sites/theatre-three/app/public/wp-content/themes/theatre-three-theme/archive-show.php:17
Stack trace:
#0 /Users/max/Local Sites/theatre-three/app/public/wp-includes/template-loader.php(106): include()
#1 /Users/max/Local Sites/theatre-three/app/public/wp-blog-header.php(19): require_once('/Users/max/Loca...')
#2 /Users/max/Local Sites/theatre-three/app/public/index.php(17): require('/Users/max/Loca...')
#3 {main}
  thrown in /Users/max/Local Sites/theatre-three/app/public/wp-content/themes/theatre-three-theme/archive-show.php on line 17
[11-Sep-2023 19:28:09 UTC] PHP Warning:  Attempt to read property "title" on null in /Users/max/Local Sites/theatre-three/app/public/wp-includes/class-wp-customize-widgets.php on line 905
[11-Sep-2023 21:36:05 UTC] PHP Warning:  Array to string conversion in /Users/max/Local Sites/theatre-three/app/public/wp-content/themes/theatre-three-theme/archive-show.php on line 76
[11-Sep-2023 21:36:05 UTC] PHP Warning:  Array to string conversion in /Users/max/Local Sites/theatre-three/app/public/wp-content/themes/theatre-three-theme/archive-show.php on line 76
[11-Sep-2023 21:36:05 UTC] PHP Warning:  Array to string conversion in /Users/max/Local Sites/theatre-three/app/public/wp-content/themes/theatre-three-theme/archive-show.php on line 76
[11-Sep-2023 21:36:05 UTC] PHP Warning:  Array to string conversion in /Users/max/Local Sites/theatre-three/app/public/wp-content/themes/theatre-three-theme/archive-show.php on line 76
[11-Sep-2023 21:36:05 UTC] PHP Warning:  Array to string conversion in /Users/max/Local Sites/theatre-three/app/public/wp-content/themes/theatre-three-theme/archive-show.php on line 76
[11-Sep-2023 21:36:05 UTC] PHP Warning:  Array to string conversion in /Users/max/Local Sites/theatre-three/app/public/wp-content/themes/theatre-three-theme/archive-show.php on line 76
[11-Sep-2023 21:36:44 UTC] PHP Warning:  Array to string conversion in /Users/max/Local Sites/theatre-three/app/public/wp-content/themes/theatre-three-theme/archive-show.php on line 76
[11-Sep-2023 21:36:44 UTC] PHP Warning:  Array to string conversion in /Users/max/Local Sites/theatre-three/app/public/wp-content/themes/theatre-three-theme/archive-show.php on line 76
[11-Sep-2023 21:36:44 UTC] PHP Warning:  Array to string conversion in /Users/max/Local Sites/theatre-three/app/public/wp-content/themes/theatre-three-theme/archive-show.php on line 76
[11-Sep-2023 21:36:44 UTC] PHP Warning:  Array to string conversion in /Users/max/Local Sites/theatre-three/app/public/wp-content/themes/theatre-three-theme/archive-show.php on line 76
[11-Sep-2023 21:36:44 UTC] PHP Warning:  Array to string conversion in /Users/max/Local Sites/theatre-three/app/public/wp-content/themes/theatre-three-theme/archive-show.php on line 76
[11-Sep-2023 21:36:44 UTC] PHP Warning:  Array to string conversion in /Users/max/Local Sites/theatre-three/app/public/wp-content/themes/theatre-three-theme/archive-show.php on line 76
[11-Sep-2023 21:38:16 UTC] PHP Warning:  Array to string conversion in /Users/max/Local Sites/theatre-three/app/public/wp-content/themes/theatre-three-theme/archive-show.php on line 76
[11-Sep-2023 21:38:16 UTC] PHP Warning:  Array to string conversion in /Users/max/Local Sites/theatre-three/app/public/wp-content/themes/theatre-three-theme/archive-show.php on line 76
[11-Sep-2023 21:38:16 UTC] PHP Warning:  Array to string conversion in /Users/max/Local Sites/theatre-three/app/public/wp-content/themes/theatre-three-theme/archive-show.php on line 76
[11-Sep-2023 21:38:16 UTC] PHP Warning:  Array to string conversion in /Users/max/Local Sites/theatre-three/app/public/wp-content/themes/theatre-three-theme/archive-show.php on line 76
[11-Sep-2023 21:38:16 UTC] PHP Warning:  Array to string conversion in /Users/max/Local Sites/theatre-three/app/public/wp-content/themes/theatre-three-theme/archive-show.php on line 76
[11-Sep-2023 21:38:16 UTC] PHP Warning:  Array to string conversion in /Users/max/Local Sites/theatre-three/app/public/wp-content/themes/theatre-three-theme/archive-show.php on line 76
[11-Sep-2023 21:40:20 UTC] PHP Warning:  Undefined variable $image_url in /Users/max/Local Sites/theatre-three/app/public/wp-content/themes/theatre-three-theme/archive-show.php on line 73
[11-Sep-2023 21:40:20 UTC] PHP Warning:  Undefined variable $image_alt in /Users/max/Local Sites/theatre-three/app/public/wp-content/themes/theatre-three-theme/archive-show.php on line 74
[11-Sep-2023 21:40:20 UTC] PHP Warning:  Undefined variable $image_url in /Users/max/Local Sites/theatre-three/app/public/wp-content/themes/theatre-three-theme/archive-show.php on line 73
[11-Sep-2023 21:40:20 UTC] PHP Warning:  Undefined variable $image_alt in /Users/max/Local Sites/theatre-three/app/public/wp-content/themes/theatre-three-theme/archive-show.php on line 74
[11-Sep-2023 21:40:20 UTC] PHP Warning:  Undefined variable $image_url in /Users/max/Local Sites/theatre-three/app/public/wp-content/themes/theatre-three-theme/archive-show.php on line 73
[11-Sep-2023 21:40:20 UTC] PHP Warning:  Undefined variable $image_alt in /Users/max/Local Sites/theatre-three/app/public/wp-content/themes/theatre-three-theme/archive-show.php on line 74
[11-Sep-2023 21:40:20 UTC] PHP Warning:  Undefined variable $image_url in /Users/max/Local Sites/theatre-three/app/public/wp-content/themes/theatre-three-theme/archive-show.php on line 73
[11-Sep-2023 21:40:20 UTC] PHP Warning:  Undefined variable $image_alt in /Users/max/Local Sites/theatre-three/app/public/wp-content/themes/theatre-three-theme/archive-show.php on line 74
[11-Sep-2023 21:40:20 UTC] PHP Warning:  Undefined variable $image_url in /Users/max/Local Sites/theatre-three/app/public/wp-content/themes/theatre-three-theme/archive-show.php on line 73
[11-Sep-2023 21:40:20 UTC] PHP Warning:  Undefined variable $image_alt in /Users/max/Local Sites/theatre-three/app/public/wp-content/themes/theatre-three-theme/archive-show.php on line 74
[11-Sep-2023 21:40:20 UTC] PHP Warning:  Undefined variable $image_url in /Users/max/Local Sites/theatre-three/app/public/wp-content/themes/theatre-three-theme/archive-show.php on line 73
[11-Sep-2023 21:40:20 UTC] PHP Warning:  Undefined variable $image_alt in /Users/max/Local Sites/theatre-three/app/public/wp-content/themes/theatre-three-theme/archive-show.php on line 74
[11-Sep-2023 21:40:20 UTC] PHP Warning:  Undefined variable $image_url in /Users/max/Local Sites/theatre-three/app/public/wp-content/themes/theatre-three-theme/archive-show.php on line 73
[11-Sep-2023 21:40:20 UTC] PHP Warning:  Undefined variable $image_alt in /Users/max/Local Sites/theatre-three/app/public/wp-content/themes/theatre-three-theme/archive-show.php on line 74
[11-Sep-2023 21:40:51 UTC] PHP Warning:  Undefined variable $image_alt in /Users/max/Local Sites/theatre-three/app/public/wp-content/themes/theatre-three-theme/archive-show.php on line 74
[11-Sep-2023 21:40:51 UTC] PHP Warning:  Undefined variable $image_alt in /Users/max/Local Sites/theatre-three/app/public/wp-content/themes/theatre-three-theme/archive-show.php on line 74
[11-Sep-2023 21:40:51 UTC] PHP Warning:  Undefined variable $image_alt in /Users/max/Local Sites/theatre-three/app/public/wp-content/themes/theatre-three-theme/archive-show.php on line 74
[11-Sep-2023 21:40:51 UTC] PHP Warning:  Undefined variable $image_alt in /Users/max/Local Sites/theatre-three/app/public/wp-content/themes/theatre-three-theme/archive-show.php on line 74
[11-Sep-2023 21:40:51 UTC] PHP Warning:  Undefined variable $image_alt in /Users/max/Local Sites/theatre-three/app/public/wp-content/themes/theatre-three-theme/archive-show.php on line 74
[11-Sep-2023 21:40:51 UTC] PHP Warning:  Undefined variable $image_alt in /Users/max/Local Sites/theatre-three/app/public/wp-content/themes/theatre-three-theme/archive-show.php on line 74
[11-Sep-2023 21:40:51 UTC] PHP Warning:  Undefined variable $image_alt in /Users/max/Local Sites/theatre-three/app/public/wp-content/themes/theatre-three-theme/archive-show.php on line 74
[11-Sep-2023 21:40:59 UTC] PHP Fatal error:  Uncaught TypeError: Cannot access offset of type string on string in /Users/max/Local Sites/theatre-three/app/public/wp-content/themes/theatre-three-theme/archive-show.php:73
Stack trace:
#0 /Users/max/Local Sites/theatre-three/app/public/wp-includes/template-loader.php(106): include()
#1 /Users/max/Local Sites/theatre-three/app/public/wp-blog-header.php(19): require_once('/Users/max/Loca...')
#2 /Users/max/Local Sites/theatre-three/app/public/index.php(17): require('/Users/max/Loca...')
#3 {main}
  thrown in /Users/max/Local Sites/theatre-three/app/public/wp-content/themes/theatre-three-theme/archive-show.php on line 73
[11-Sep-2023 21:41:01 UTC] PHP Fatal error:  Uncaught TypeError: Cannot access offset of type string on string in /Users/max/Local Sites/theatre-three/app/public/wp-content/themes/theatre-three-theme/archive-show.php:73
Stack trace:
#0 /Users/max/Local Sites/theatre-three/app/public/wp-includes/template-loader.php(106): include()
#1 /Users/max/Local Sites/theatre-three/app/public/wp-blog-header.php(19): require_once('/Users/max/Loca...')
#2 /Users/max/Local Sites/theatre-three/app/public/index.php(17): require('/Users/max/Loca...')
#3 {main}
  thrown in /Users/max/Local Sites/theatre-three/app/public/wp-content/themes/theatre-three-theme/archive-show.php on line 73
[11-Sep-2023 21:44:33 UTC] PHP Warning:  Trying to access array offset on value of type bool in /Users/max/Local Sites/theatre-three/app/public/wp-content/themes/theatre-three-theme/archive-show.php on line 74
[11-Sep-2023 21:44:33 UTC] PHP Warning:  Trying to access array offset on value of type bool in /Users/max/Local Sites/theatre-three/app/public/wp-content/themes/theatre-three-theme/archive-show.php on line 75
[11-Sep-2023 21:46:33 UTC] PHP Warning:  Trying to access array offset on value of type bool in /Users/max/Local Sites/theatre-three/app/public/wp-content/themes/theatre-three-theme/archive-show.php on line 74
[11-Sep-2023 21:46:33 UTC] PHP Warning:  Trying to access array offset on value of type bool in /Users/max/Local Sites/theatre-three/app/public/wp-content/themes/theatre-three-theme/archive-show.php on line 75
[11-Sep-2023 21:48:29 UTC] PHP Warning:  Trying to access array offset on value of type bool in /Users/max/Local Sites/theatre-three/app/public/wp-content/themes/theatre-three-theme/archive-show.php on line 74
[11-Sep-2023 21:48:29 UTC] PHP Warning:  Trying to access array offset on value of type bool in /Users/max/Local Sites/theatre-three/app/public/wp-content/themes/theatre-three-theme/archive-show.php on line 75
[11-Sep-2023 21:48:30 UTC] PHP Warning:  Trying to access array offset on value of type bool in /Users/max/Local Sites/theatre-three/app/public/wp-content/themes/theatre-three-theme/archive-show.php on line 74
[11-Sep-2023 21:48:30 UTC] PHP Warning:  Trying to access array offset on value of type bool in /Users/max/Local Sites/theatre-three/app/public/wp-content/themes/theatre-three-theme/archive-show.php on line 75
[11-Sep-2023 21:48:35 UTC] PHP Warning:  Trying to access array offset on value of type bool in /Users/max/Local Sites/theatre-three/app/public/wp-content/themes/theatre-three-theme/archive-show.php on line 74
[11-Sep-2023 21:48:35 UTC] PHP Warning:  Trying to access array offset on value of type bool in /Users/max/Local Sites/theatre-three/app/public/wp-content/themes/theatre-three-theme/archive-show.php on line 75
[11-Sep-2023 21:49:16 UTC] PHP Warning:  Trying to access array offset on value of type bool in /Users/max/Local Sites/theatre-three/app/public/wp-content/themes/theatre-three-theme/archive-show.php on line 74
[11-Sep-2023 21:49:16 UTC] PHP Warning:  Trying to access array offset on value of type bool in /Users/max/Local Sites/theatre-three/app/public/wp-content/themes/theatre-three-theme/archive-show.php on line 75
[12-Sep-2023 20:08:35 UTC] PHP Warning:  Undefined array key "data" in /Users/max/Local Sites/theatre-three/app/public/wp-content/plugins/elementor/core/common/modules/ajax/module.php on line 175
[14-Sep-2023 15:41:02 UTC] PHP Fatal error:  Uncaught Error: Call to undefined function Elementor\Core\get_plugins() in /Users/max/Local Sites/theatre-three/app/public/wp-content/plugins/elementor/core/wp-api.php:26
Stack trace:
#0 /Users/max/Local Sites/theatre-three/app/public/wp-content/plugins/elementor/modules/compatibility-tag/base-module.php(96): Elementor\Core\Wp_Api->get_plugins()
#1 /Users/max/Local Sites/theatre-three/app/public/wp-content/plugins/elementor/modules/compatibility-tag/base-module.php(58): Elementor\Modules\CompatibilityTag\Base_Module->get_plugins_with_header()
#2 /Users/max/Local Sites/theatre-three/app/public/wp-content/plugins/elementor/modules/compatibility-tag/module.php(57): Elementor\Modules\CompatibilityTag\Base_Module->get_plugins_to_check()
#3 /Users/max/Local Sites/theatre-three/app/public/wp-content/plugins/elementor/modules/compatibility-tag/base-module.php(148): Elementor\Modules\CompatibilityTag\Module->get_plugins_to_check()
#4 /Users/max/Local Sites/theatre-three/app/public/wp-includes/class-wp-hook.php(310): Elementor\Modules\CompatibilityTag\Base_Module->Elementor\Modules\CompatibilityTag\{closure}('')
#5 /Users/max/Local Sites/theatre-three/app/public/wp-includes/class-wp-hook.php(334): WP_Hook->apply_filters('', Array)
#6 /Users/max/Local Sites/theatre-three/app/public/wp-includes/plugin.php(517): WP_Hook->do_action(Array)
#7 /Users/max/Local Sites/theatre-three/app/public/wp-content/plugins/elementor/modules/system-info/module.php(340): do_action('elementor/syste...')
#8 /Users/max/Local Sites/theatre-three/app/public/wp-content/plugins/elementor/includes/tracker.php(241): Elementor\Modules\System_Info\Module::get_allowed_reports()
#9 /Users/max/Local Sites/theatre-three/app/public/wp-content/plugins/elementor/includes/tracker.php(530): Elementor\Tracker::get_system_reports_data()
#10 /Users/max/Local Sites/theatre-three/app/public/wp-content/plugins/elementor/includes/tracker.php(141): Elementor\Tracker::get_tracking_data(false)
#11 /Users/max/Local Sites/theatre-three/app/public/wp-includes/class-wp-hook.php(310): Elementor\Tracker::send_tracking_data()
#12 /Users/max/Local Sites/theatre-three/app/public/wp-includes/class-wp-hook.php(334): WP_Hook->apply_filters('', Array)
#13 /Users/max/Local Sites/theatre-three/app/public/wp-includes/plugin.php(565): WP_Hook->do_action(Array)
#14 /Users/max/Local Sites/theatre-three/app/public/wp-cron.php(191): do_action_ref_array('elementor/track...', Array)
#15 {main}
  thrown in /Users/max/Local Sites/theatre-three/app/public/wp-content/plugins/elementor/core/wp-api.php on line 26
[14-Sep-2023 15:50:28 UTC] PHP Warning:  Undefined array key 0 in /Users/max/Local Sites/theatre-three/app/public/wp-content/plugins/elementor-pro/modules/dynamic-tags/acf/tags/acf-image.php on line 40
[14-Sep-2023 15:50:28 UTC] PHP Warning:  Undefined array key 1 in /Users/max/Local Sites/theatre-three/app/public/wp-content/plugins/elementor-pro/modules/dynamic-tags/acf/tags/acf-image.php on line 40
[14-Sep-2023 15:50:28 UTC] PHP Fatal error:  Uncaught TypeError: htmlentities(): Argument #1 ($string) must be of type string, array given in /Users/max/Local Sites/theatre-three/app/public/wp-content/plugins/elementor-pro/modules/dynamic-tags/acf/tags/acf-image.php:71
Stack trace:
#0 /Users/max/Local Sites/theatre-three/app/public/wp-content/plugins/elementor-pro/modules/dynamic-tags/acf/tags/acf-image.php(71): htmlentities(Array)
#1 /Users/max/Local Sites/theatre-three/app/public/wp-content/plugins/elementor/core/dynamic-tags/data-tag.php(44): ElementorPro\Modules\DynamicTags\ACF\Tags\ACF_Image->get_value(Array)
#2 /Users/max/Local Sites/theatre-three/app/public/wp-content/plugins/elementor/core/dynamic-tags/manager.php(444): Elementor\Core\DynamicTags\Data_Tag->get_content()
#3 [internal function]: Elementor\Core\DynamicTags\Manager->ajax_render_tags(Array, Object(Elementor\Core\Common\Modules\Ajax\Module))
#4 /Users/max/Local Sites/theatre-three/app/public/wp-content/plugins/elementor/core/common/modules/ajax/module.php(175): call_user_func(Array, Array, Object(Elementor\Core\Common\Modules\Ajax\Module))
#5 /Users/max/Local Sites/theatre-three/app/public/wp-includes/class-wp-hook.php(310): Elementor\Core\Common\Modules\Ajax\Module->handle_ajax_request('')
#6 /Users/max/Local Sites/theatre-three/app/public/wp-includes/class-wp-hook.php(334): WP_Hook->apply_filters('', Array)
#7 /Users/max/Local Sites/theatre-three/app/public/wp-includes/plugin.php(517): WP_Hook->do_action(Array)
#8 /Users/max/Local Sites/theatre-three/app/public/wp-admin/admin-ajax.php(188): do_action('wp_ajax_element...')
#9 {main}
  thrown in /Users/max/Local Sites/theatre-three/app/public/wp-content/plugins/elementor-pro/modules/dynamic-tags/acf/tags/acf-image.php on line 71
[14-Sep-2023 15:50:33 UTC] PHP Warning:  Undefined array key 0 in /Users/max/Local Sites/theatre-three/app/public/wp-content/plugins/elementor-pro/modules/dynamic-tags/acf/tags/acf-image.php on line 40
[14-Sep-2023 15:50:33 UTC] PHP Warning:  Undefined array key 1 in /Users/max/Local Sites/theatre-three/app/public/wp-content/plugins/elementor-pro/modules/dynamic-tags/acf/tags/acf-image.php on line 40
[14-Sep-2023 15:50:33 UTC] PHP Fatal error:  Uncaught TypeError: htmlentities(): Argument #1 ($string) must be of type string, array given in /Users/max/Local Sites/theatre-three/app/public/wp-content/plugins/elementor-pro/modules/dynamic-tags/acf/tags/acf-image.php:71
Stack trace:
#0 /Users/max/Local Sites/theatre-three/app/public/wp-content/plugins/elementor-pro/modules/dynamic-tags/acf/tags/acf-image.php(71): htmlentities(Array)
#1 /Users/max/Local Sites/theatre-three/app/public/wp-content/plugins/elementor/core/dynamic-tags/data-tag.php(44): ElementorPro\Modules\DynamicTags\ACF\Tags\ACF_Image->get_value(Array)
#2 /Users/max/Local Sites/theatre-three/app/public/wp-content/plugins/elementor/core/dynamic-tags/manager.php(444): Elementor\Core\DynamicTags\Data_Tag->get_content()
#3 [internal function]: Elementor\Core\DynamicTags\Manager->ajax_render_tags(Array, Object(Elementor\Core\Common\Modules\Ajax\Module))
#4 /Users/max/Local Sites/theatre-three/app/public/wp-content/plugins/elementor/core/common/modules/ajax/module.php(175): call_user_func(Array, Array, Object(Elementor\Core\Common\Modules\Ajax\Module))
#5 /Users/max/Local Sites/theatre-three/app/public/wp-includes/class-wp-hook.php(310): Elementor\Core\Common\Modules\Ajax\Module->handle_ajax_request('')
#6 /Users/max/Local Sites/theatre-three/app/public/wp-includes/class-wp-hook.php(334): WP_Hook->apply_filters('', Array)
#7 /Users/max/Local Sites/theatre-three/app/public/wp-includes/plugin.php(517): WP_Hook->do_action(Array)
#8 /Users/max/Local Sites/theatre-three/app/public/wp-admin/admin-ajax.php(188): do_action('wp_ajax_element...')
#9 {main}
  thrown in /Users/max/Local Sites/theatre-three/app/public/wp-content/plugins/elementor-pro/modules/dynamic-tags/acf/tags/acf-image.php on line 71
[14-Sep-2023 16:09:56 UTC] PHP Warning:  Undefined array key 0 in /Users/max/Local Sites/theatre-three/app/public/wp-content/plugins/elementor-pro/modules/dynamic-tags/acf/tags/acf-image.php on line 40
[14-Sep-2023 16:09:56 UTC] PHP Warning:  Undefined array key 1 in /Users/max/Local Sites/theatre-three/app/public/wp-content/plugins/elementor-pro/modules/dynamic-tags/acf/tags/acf-image.php on line 40
[14-Sep-2023 16:09:56 UTC] PHP Fatal error:  Uncaught TypeError: htmlentities(): Argument #1 ($string) must be of type string, array given in /Users/max/Local Sites/theatre-three/app/public/wp-content/plugins/elementor-pro/modules/dynamic-tags/acf/tags/acf-image.php:71
Stack trace:
#0 /Users/max/Local Sites/theatre-three/app/public/wp-content/plugins/elementor-pro/modules/dynamic-tags/acf/tags/acf-image.php(71): htmlentities(Array)
#1 /Users/max/Local Sites/theatre-three/app/public/wp-content/plugins/elementor/core/dynamic-tags/data-tag.php(44): ElementorPro\Modules\DynamicTags\ACF\Tags\ACF_Image->get_value(Array)
#2 /Users/max/Local Sites/theatre-three/app/public/wp-content/plugins/elementor/core/dynamic-tags/manager.php(444): Elementor\Core\DynamicTags\Data_Tag->get_content()
#3 [internal function]: Elementor\Core\DynamicTags\Manager->ajax_render_tags(Array, Object(Elementor\Core\Common\Modules\Ajax\Module))
#4 /Users/max/Local Sites/theatre-three/app/public/wp-content/plugins/elementor/core/common/modules/ajax/module.php(175): call_user_func(Array, Array, Object(Elementor\Core\Common\Modules\Ajax\Module))
#5 /Users/max/Local Sites/theatre-three/app/public/wp-includes/class-wp-hook.php(310): Elementor\Core\Common\Modules\Ajax\Module->handle_ajax_request('')
#6 /Users/max/Local Sites/theatre-three/app/public/wp-includes/class-wp-hook.php(334): WP_Hook->apply_filters('', Array)
#7 /Users/max/Local Sites/theatre-three/app/public/wp-includes/plugin.php(517): WP_Hook->do_action(Array)
#8 /Users/max/Local Sites/theatre-three/app/public/wp-admin/admin-ajax.php(188): do_action('wp_ajax_element...')
#9 {main}
  thrown in /Users/max/Local Sites/theatre-three/app/public/wp-content/plugins/elementor-pro/modules/dynamic-tags/acf/tags/acf-image.php on line 71
[14-Sep-2023 16:10:03 UTC] PHP Warning:  Undefined array key 0 in /Users/max/Local Sites/theatre-three/app/public/wp-content/plugins/elementor-pro/modules/dynamic-tags/acf/tags/acf-image.php on line 40
[14-Sep-2023 16:10:03 UTC] PHP Warning:  Undefined array key 1 in /Users/max/Local Sites/theatre-three/app/public/wp-content/plugins/elementor-pro/modules/dynamic-tags/acf/tags/acf-image.php on line 40
[14-Sep-2023 16:10:03 UTC] PHP Fatal error:  Uncaught TypeError: htmlentities(): Argument #1 ($string) must be of type string, array given in /Users/max/Local Sites/theatre-three/app/public/wp-content/plugins/elementor-pro/modules/dynamic-tags/acf/tags/acf-image.php:71
Stack trace:
#0 /Users/max/Local Sites/theatre-three/app/public/wp-content/plugins/elementor-pro/modules/dynamic-tags/acf/tags/acf-image.php(71): htmlentities(Array)
#1 /Users/max/Local Sites/theatre-three/app/public/wp-content/plugins/elementor/core/dynamic-tags/data-tag.php(44): ElementorPro\Modules\DynamicTags\ACF\Tags\ACF_Image->get_value(Array)
#2 /Users/max/Local Sites/theatre-three/app/public/wp-content/plugins/elementor/core/dynamic-tags/manager.php(444): Elementor\Core\DynamicTags\Data_Tag->get_content()
#3 [internal function]: Elementor\Core\DynamicTags\Manager->ajax_render_tags(Array, Object(Elementor\Core\Common\Modules\Ajax\Module))
#4 /Users/max/Local Sites/theatre-three/app/public/wp-content/plugins/elementor/core/common/modules/ajax/module.php(175): call_user_func(Array, Array, Object(Elementor\Core\Common\Modules\Ajax\Module))
#5 /Users/max/Local Sites/theatre-three/app/public/wp-includes/class-wp-hook.php(310): Elementor\Core\Common\Modules\Ajax\Module->handle_ajax_request('')
#6 /Users/max/Local Sites/theatre-three/app/public/wp-includes/class-wp-hook.php(334): WP_Hook->apply_filters('', Array)
#7 /Users/max/Local Sites/theatre-three/app/public/wp-includes/plugin.php(517): WP_Hook->do_action(Array)
#8 /Users/max/Local Sites/theatre-three/app/public/wp-admin/admin-ajax.php(188): do_action('wp_ajax_element...')
#9 {main}
  thrown in /Users/max/Local Sites/theatre-three/app/public/wp-content/plugins/elementor-pro/modules/dynamic-tags/acf/tags/acf-image.php on line 71
[14-Sep-2023 16:27:39 UTC] PHP Fatal error:  Uncaught TypeError: htmlentities(): Argument #1 ($string) must be of type string, array given in /Users/max/Local Sites/theatre-three/app/public/wp-content/plugins/elementor-pro/modules/dynamic-tags/acf/tags/acf-image.php:71
Stack trace:
#0 /Users/max/Local Sites/theatre-three/app/public/wp-content/plugins/elementor-pro/modules/dynamic-tags/acf/tags/acf-image.php(71): htmlentities(Array)
#1 /Users/max/Local Sites/theatre-three/app/public/wp-content/plugins/elementor/core/dynamic-tags/data-tag.php(44): ElementorPro\Modules\DynamicTags\ACF\Tags\ACF_Image->get_value(Array)
#2 /Users/max/Local Sites/theatre-three/app/public/wp-content/plugins/elementor/core/dynamic-tags/manager.php(216): Elementor\Core\DynamicTags\Data_Tag->get_content()
#3 [internal function]: Elementor\Core\DynamicTags\Manager->get_tag_data_content('765e837', 'acf-image', Array)
#4 /Users/max/Local Sites/theatre-three/app/public/wp-content/plugins/elementor/core/dynamic-tags/manager.php(109): call_user_func_array(Array, Array)
#5 /Users/max/Local Sites/theatre-three/app/public/wp-content/plugins/elementor/core/dynamic-tags/manager.php(70): Elementor\Core\DynamicTags\Manager->parse_tag_text('[elementor-tag ...', Array, Array)
#6 /Users/max/Local Sites/theatre-three/app/public/wp-content/plugins/elementor/includes/controls/base-data.php(91): Elementor\Core\DynamicTags\Manager->parse_tags_text('[elementor-tag ...', Array, Array)
#7 /Users/max/Local Sites/theatre-three/app/public/wp-content/plugins/elementor/includes/base/controls-stack.php(1269): Elementor\Base_Data_Control->parse_tags('[elementor-tag ...', Array)
#8 /Users/max/Local Sites/theatre-three/app/public/wp-content/plugins/elementor/includes/base/controls-stack.php(1116): Elementor\Controls_Stack->parse_dynamic_settings(Array)
#9 /Users/max/Local Sites/theatre-three/app/public/wp-content/plugins/elementor/core/files/css/post.php(298): Elementor\Controls_Stack->get_parsed_dynamic_settings()
#10 /Users/max/Local Sites/theatre-three/app/public/wp-content/plugins/elementor/core/files/css/post.php(226): Elementor\Core\Files\CSS\Post->render_styles(Object(Elementor\Widget_Image))
#11 /Users/max/Local Sites/theatre-three/app/public/wp-content/plugins/elementor/core/files/css/post.php(298): Elementor\Core\Files\CSS\Post->add_controls_stack_style_rules(Object(Elementor\Element_Column), Array, Array, Array, Array)
#12 /Users/max/Local Sites/theatre-three/app/public/wp-content/plugins/elementor/core/files/css/post.php(226): Elementor\Core\Files\CSS\Post->render_styles(Object(Elementor\Element_Column))
#13 /Users/max/Local Sites/theatre-three/app/public/wp-content/plugins/elementor/core/files/css/post.php(298): Elementor\Core\Files\CSS\Post->add_controls_stack_style_rules(Object(Elementor\Element_Section), Array, Array, Array, Array)
#14 /Users/max/Local Sites/theatre-three/app/public/wp-content/plugins/elementor/core/files/css/post.php(178): Elementor\Core\Files\CSS\Post->render_styles(Object(Elementor\Element_Section))
#15 /Users/max/Local Sites/theatre-three/app/public/wp-content/plugins/elementor/core/files/css/base.php(677): Elementor\Core\Files\CSS\Post->render_css()
#16 /Users/max/Local Sites/theatre-three/app/public/wp-content/plugins/elementor/core/files/base.php(180): Elementor\Core\Files\CSS\Base->parse_content()
#17 /Users/max/Local Sites/theatre-three/app/public/wp-content/plugins/elementor/core/files/css/base.php(130): Elementor\Core\Files\Base->update_file()
#18 /Users/max/Local Sites/theatre-three/app/public/wp-content/plugins/elementor/core/files/css/base.php(226): Elementor\Core\Files\CSS\Base->update()
#19 /Users/max/Local Sites/theatre-three/app/public/wp-content/plugins/elementor/core/files/css/post.php(201): Elementor\Core\Files\CSS\Base->enqueue()
#20 /Users/max/Local Sites/theatre-three/app/public/wp-content/plugins/elementor/includes/frontend.php(676): Elementor\Core\Files\CSS\Post->enqueue()
#21 /Users/max/Local Sites/theatre-three/app/public/wp-includes/class-wp-hook.php(310): Elementor\Frontend->enqueue_styles('')
#22 /Users/max/Local Sites/theatre-three/app/public/wp-includes/class-wp-hook.php(334): WP_Hook->apply_filters(NULL, Array)
#23 /Users/max/Local Sites/theatre-three/app/public/wp-includes/plugin.php(517): WP_Hook->do_action(Array)
#24 /Users/max/Local Sites/theatre-three/app/public/wp-includes/script-loader.php(2225): do_action('wp_enqueue_scri...')
#25 /Users/max/Local Sites/theatre-three/app/public/wp-includes/class-wp-hook.php(310): wp_enqueue_scripts('')
#26 /Users/max/Local Sites/theatre-three/app/public/wp-includes/class-wp-hook.php(334): WP_Hook->apply_filters(NULL, Array)
#27 /Users/max/Local Sites/theatre-three/app/public/wp-includes/plugin.php(517): WP_Hook->do_action(Array)
#28 /Users/max/Local Sites/theatre-three/app/public/wp-includes/general-template.php(3053): do_action('wp_head')
#29 /Users/max/Local Sites/theatre-three/app/public/wp-content/themes/theatre-three-theme/header.php(7): wp_head()
#30 /Users/max/Local Sites/theatre-three/app/public/wp-includes/template.php(785): require_once('/Users/max/Loca...')
#31 /Users/max/Local Sites/theatre-three/app/public/wp-includes/template.php(720): load_template('/Users/max/Loca...', true, Array)
#32 /Users/max/Local Sites/theatre-three/app/public/wp-includes/general-template.php(48): locate_template(Array, true, true, Array)
#33 /Users/max/Local Sites/theatre-three/app/public/wp-content/themes/theatre-three-theme/single.php(3): get_header()
#34 /Users/max/Local Sites/theatre-three/app/public/wp-includes/template-loader.php(106): include('/Users/max/Loca...')
#35 /Users/max/Local Sites/theatre-three/app/public/wp-blog-header.php(19): require_once('/Users/max/Loca...')
#36 /Users/max/Local Sites/theatre-three/app/public/index.php(17): require('/Users/max/Loca...')
#37 {main}
  thrown in /Users/max/Local Sites/theatre-three/app/public/wp-content/plugins/elementor-pro/modules/dynamic-tags/acf/tags/acf-image.php on line 71
[02-Oct-2023 16:22:52 UTC] PHP Fatal error:  Uncaught Error: Call to undefined function Elementor\Core\get_plugins() in /Users/max/Local Sites/theatre-three/app/public/wp-content/plugins/elementor/core/wp-api.php:26
Stack trace:
#0 /Users/max/Local Sites/theatre-three/app/public/wp-content/plugins/elementor/modules/compatibility-tag/base-module.php(96): Elementor\Core\Wp_Api->get_plugins()
#1 /Users/max/Local Sites/theatre-three/app/public/wp-content/plugins/elementor/modules/compatibility-tag/base-module.php(58): Elementor\Modules\CompatibilityTag\Base_Module->get_plugins_with_header()
#2 /Users/max/Local Sites/theatre-three/app/public/wp-content/plugins/elementor/modules/compatibility-tag/module.php(57): Elementor\Modules\CompatibilityTag\Base_Module->get_plugins_to_check()
#3 /Users/max/Local Sites/theatre-three/app/public/wp-content/plugins/elementor/modules/compatibility-tag/base-module.php(148): Elementor\Modules\CompatibilityTag\Module->get_plugins_to_check()
#4 /Users/max/Local Sites/theatre-three/app/public/wp-includes/class-wp-hook.php(310): Elementor\Modules\CompatibilityTag\Base_Module->Elementor\Modules\CompatibilityTag\{closure}('')
#5 /Users/max/Local Sites/theatre-three/app/public/wp-includes/class-wp-hook.php(334): WP_Hook->apply_filters('', Array)
#6 /Users/max/Local Sites/theatre-three/app/public/wp-includes/plugin.php(517): WP_Hook->do_action(Array)
#7 /Users/max/Local Sites/theatre-three/app/public/wp-content/plugins/elementor/modules/system-info/module.php(340): do_action('elementor/syste...')
#8 /Users/max/Local Sites/theatre-three/app/public/wp-content/plugins/elementor/includes/tracker.php(241): Elementor\Modules\System_Info\Module::get_allowed_reports()
#9 /Users/max/Local Sites/theatre-three/app/public/wp-content/plugins/elementor/includes/tracker.php(530): Elementor\Tracker::get_system_reports_data()
#10 /Users/max/Local Sites/theatre-three/app/public/wp-content/plugins/elementor/includes/tracker.php(141): Elementor\Tracker::get_tracking_data(false)
#11 /Users/max/Local Sites/theatre-three/app/public/wp-includes/class-wp-hook.php(310): Elementor\Tracker::send_tracking_data()
#12 /Users/max/Local Sites/theatre-three/app/public/wp-includes/class-wp-hook.php(334): WP_Hook->apply_filters('', Array)
#13 /Users/max/Local Sites/theatre-three/app/public/wp-includes/plugin.php(565): WP_Hook->do_action(Array)
#14 /Users/max/Local Sites/theatre-three/app/public/wp-cron.php(191): do_action_ref_array('elementor/track...', Array)
#15 {main}
  thrown in /Users/max/Local Sites/theatre-three/app/public/wp-content/plugins/elementor/core/wp-api.php on line 26
[09-Dec-2023 02:55:50 UTC] PHP Warning:  An unexpected error occurred. Something may be wrong with WordPress.org or this server&#8217;s configuration. If you continue to have problems, please try the <a href="https://wordpress.org/support/forums/">support forums</a>. (WordPress could not establish a secure connection to WordPress.org. Please contact your server administrator.) in /Users/max/Local Sites/theatre-three/app/public/wp-includes/update.php on line 211
[09-Dec-2023 02:55:50 UTC] PHP Warning:  An unexpected error occurred. Something may be wrong with WordPress.org or this server&#8217;s configuration. If you continue to have problems, please try the <a href="https://wordpress.org/support/forums/">support forums</a>. (WordPress could not establish a secure connection to WordPress.org. Please contact your server administrator.) in /Users/max/Local Sites/theatre-three/app/public/wp-includes/update.php on line 449
[09-Dec-2023 02:55:50 UTC] PHP Warning:  An unexpected error occurred. Something may be wrong with WordPress.org or this server&#8217;s configuration. If you continue to have problems, please try the <a href="https://wordpress.org/support/forums/">support forums</a>. (WordPress could not establish a secure connection to WordPress.org. Please contact your server administrator.) in /Users/max/Local Sites/theatre-three/app/public/wp-includes/update.php on line 730
[09-Dec-2023 14:19:25 UTC] PHP Warning:  An unexpected error occurred. Something may be wrong with WordPress.org or this server&#8217;s configuration. If you continue to have problems, please try the <a href="https://wordpress.org/support/forums/">support forums</a>. (WordPress could not establish a secure connection to WordPress.org. Please contact your server administrator.) in /Users/max/Local Sites/theatre-three/app/public/wp-includes/update.php on line 211
[09-Dec-2023 14:19:25 UTC] PHP Warning:  An unexpected error occurred. Something may be wrong with WordPress.org or this server&#8217;s configuration. If you continue to have problems, please try the <a href="https://wordpress.org/support/forums/">support forums</a>. (WordPress could not establish a secure connection to WordPress.org. Please contact your server administrator.) in /Users/max/Local Sites/theatre-three/app/public/wp-includes/update.php on line 449
[09-Dec-2023 14:19:25 UTC] PHP Warning:  An unexpected error occurred. Something may be wrong with WordPress.org or this server&#8217;s configuration. If you continue to have problems, please try the <a href="https://wordpress.org/support/forums/">support forums</a>. (WordPress could not establish a secure connection to WordPress.org. Please contact your server administrator.) in /Users/max/Local Sites/theatre-three/app/public/wp-includes/update.php on line 730
[16-Dec-2023 00:17:59 UTC] Cron reschedule event error for hook: elementor_1_elementor_updater_cron, Error code: invalid_schedule, Error message: Event schedule does not exist., Data: {"schedule":"elementor_1_elementor_updater_cron_interval","args":[],"interval":300}
[20-Dec-2023 14:51:07 UTC] PHP Warning:  An unexpected error occurred. Something may be wrong with WordPress.org or this server&#8217;s configuration. If you continue to have problems, please try the <a href="https://wordpress.org/support/forums/">support forums</a>. (WordPress could not establish a secure connection to WordPress.org. Please contact your server administrator.) in /Users/max/Local Sites/theatre-three/app/public/wp-includes/update.php on line 449
[20-Dec-2023 14:51:07 UTC] PHP Warning:  An unexpected error occurred. Something may be wrong with WordPress.org or this server&#8217;s configuration. If you continue to have problems, please try the <a href="https://wordpress.org/support/forums/">support forums</a>. (WordPress could not establish a secure connection to WordPress.org. Please contact your server administrator.) in /Users/max/Local Sites/theatre-three/app/public/wp-includes/update.php on line 730
[23-Dec-2023 15:41:58 UTC] PHP Fatal error:  Uncaught Error: Call to undefined function Elementor\Core\get_plugins() in /Users/max/Local Sites/theatre-three/app/public/wp-content/plugins/elementor/core/wp-api.php:26
Stack trace:
#0 /Users/max/Local Sites/theatre-three/app/public/wp-content/plugins/elementor/modules/compatibility-tag/base-module.php(96): Elementor\Core\Wp_Api->get_plugins()
#1 /Users/max/Local Sites/theatre-three/app/public/wp-content/plugins/elementor/modules/compatibility-tag/base-module.php(58): Elementor\Modules\CompatibilityTag\Base_Module->get_plugins_with_header()
#2 /Users/max/Local Sites/theatre-three/app/public/wp-content/plugins/elementor/modules/compatibility-tag/module.php(57): Elementor\Modules\CompatibilityTag\Base_Module->get_plugins_to_check()
#3 /Users/max/Local Sites/theatre-three/app/public/wp-content/plugins/elementor/modules/compatibility-tag/base-module.php(148): Elementor\Modules\CompatibilityTag\Module->get_plugins_to_check()
#4 /Users/max/Local Sites/theatre-three/app/public/wp-includes/class-wp-hook.php(310): Elementor\Modules\CompatibilityTag\Base_Module->Elementor\Modules\CompatibilityTag\{closure}('')
#5 /Users/max/Local Sites/theatre-three/app/public/wp-includes/class-wp-hook.php(334): WP_Hook->apply_filters('', Array)
#6 /Users/max/Local Sites/theatre-three/app/public/wp-includes/plugin.php(517): WP_Hook->do_action(Array)
#7 /Users/max/Local Sites/theatre-three/app/public/wp-content/plugins/elementor/modules/system-info/module.php(340): do_action('elementor/syste...')
#8 /Users/max/Local Sites/theatre-three/app/public/wp-content/plugins/elementor/includes/tracker.php(241): Elementor\Modules\System_Info\Module::get_allowed_reports()
#9 /Users/max/Local Sites/theatre-three/app/public/wp-content/plugins/elementor/includes/tracker.php(530): Elementor\Tracker::get_system_reports_data()
#10 /Users/max/Local Sites/theatre-three/app/public/wp-content/plugins/elementor/includes/tracker.php(141): Elementor\Tracker::get_tracking_data(false)
#11 /Users/max/Local Sites/theatre-three/app/public/wp-includes/class-wp-hook.php(310): Elementor\Tracker::send_tracking_data()
#12 /Users/max/Local Sites/theatre-three/app/public/wp-includes/class-wp-hook.php(334): WP_Hook->apply_filters('', Array)
#13 /Users/max/Local Sites/theatre-three/app/public/wp-includes/plugin.php(565): WP_Hook->do_action(Array)
#14 /Users/max/Local Sites/theatre-three/app/public/wp-cron.php(191): do_action_ref_array('elementor/track...', Array)
#15 {main}
  thrown in /Users/max/Local Sites/theatre-three/app/public/wp-content/plugins/elementor/core/wp-api.php on line 26
[01-Jan-2024 19:05:10 UTC] PHP Parse error:  syntax error, unexpected token "<", expecting end of file in /Users/max/Local Sites/theatre-three/app/public/wp-content/themes/theatre-three-theme/archive-second_stage_show.php on line 108
[01-Jan-2024 19:07:31 UTC] PHP Parse error:  syntax error, unexpected token "<", expecting end of file in /Users/max/Local Sites/theatre-three/app/public/wp-content/themes/theatre-three-theme/archive-second_stage_show.php on line 108
[01-Jan-2024 19:07:32 UTC] PHP Parse error:  syntax error, unexpected token "<", expecting end of file in /Users/max/Local Sites/theatre-three/app/public/wp-content/themes/theatre-three-theme/archive-second_stage_show.php on line 108
[01-Jan-2024 19:07:33 UTC] PHP Parse error:  syntax error, unexpected token "<", expecting end of file in /Users/max/Local Sites/theatre-three/app/public/wp-content/themes/theatre-three-theme/archive-second_stage_show.php on line 108
[01-Jan-2024 19:09:30 UTC] PHP Parse error:  syntax error, unexpected token "<", expecting end of file in /Users/max/Local Sites/theatre-three/app/public/wp-content/themes/theatre-three-theme/archive-second_stage_show.php on line 108
[01-Jan-2024 19:09:31 UTC] PHP Parse error:  syntax error, unexpected token "<", expecting end of file in /Users/max/Local Sites/theatre-three/app/public/wp-content/themes/theatre-three-theme/archive-second_stage_show.php on line 108
[01-Jan-2024 19:09:45 UTC] PHP Parse error:  syntax error, unexpected token "<", expecting end of file in /Users/max/Local Sites/theatre-three/app/public/wp-content/themes/theatre-three-theme/archive-second_stage_show.php on line 108
[01-Jan-2024 21:14:53 UTC] PHP Warning:  Undefined array key 0 in /Users/max/Local Sites/theatre-three/app/public/wp-content/plugins/elementor-pro/modules/dynamic-tags/acf/tags/acf-image.php on line 40
[01-Jan-2024 21:14:53 UTC] PHP Warning:  Undefined array key 1 in /Users/max/Local Sites/theatre-three/app/public/wp-content/plugins/elementor-pro/modules/dynamic-tags/acf/tags/acf-image.php on line 40
[02-Jan-2024 04:22:22 UTC] PHP Fatal error:  Cannot redeclare prevent_page_scroll() (previously declared in /Users/max/Local Sites/theatre-three/app/public/wp-content/mu-plugins/prevent_page_scroll.php:9) in /Users/max/Local Sites/theatre-three/app/public/wp-content/themes/theatre-three-theme/functions.php on line 28
[02-Jan-2024 04:22:22 UTC] PHP Warning:  Trying to access array offset on value of type bool in /Users/max/Local Sites/theatre-three/app/public/wp-includes/class-wp-recovery-mode-email-service.php on line 367
[02-Jan-2024 04:22:22 UTC] PHP Warning:  Trying to access array offset on value of type bool in /Users/max/Local Sites/theatre-three/app/public/wp-includes/class-wp-recovery-mode-email-service.php on line 368
[02-Jan-2024 04:22:24 UTC] PHP Fatal error:  Cannot redeclare prevent_page_scroll() (previously declared in /Users/max/Local Sites/theatre-three/app/public/wp-content/mu-plugins/prevent_page_scroll.php:9) in /Users/max/Local Sites/theatre-three/app/public/wp-content/themes/theatre-three-theme/functions.php on line 28
[02-Jan-2024 04:22:24 UTC] PHP Fatal error:  Cannot redeclare prevent_page_scroll() (previously declared in /Users/max/Local Sites/theatre-three/app/public/wp-content/mu-plugins/prevent_page_scroll.php:9) in /Users/max/Local Sites/theatre-three/app/public/wp-content/themes/theatre-three-theme/functions.php on line 28
[02-Jan-2024 04:22:25 UTC] PHP Fatal error:  Cannot redeclare prevent_page_scroll() (previously declared in /Users/max/Local Sites/theatre-three/app/public/wp-content/mu-plugins/prevent_page_scroll.php:9) in /Users/max/Local Sites/theatre-three/app/public/wp-content/themes/theatre-three-theme/functions.php on line 28
[02-Jan-2024 04:22:25 UTC] PHP Fatal error:  Cannot redeclare prevent_page_scroll() (previously declared in /Users/max/Local Sites/theatre-three/app/public/wp-content/mu-plugins/prevent_page_scroll.php:9) in /Users/max/Local Sites/theatre-three/app/public/wp-content/themes/theatre-three-theme/functions.php on line 28
[02-Jan-2024 04:22:38 UTC] PHP Fatal error:  Cannot redeclare prevent_page_scroll() (previously declared in /Users/max/Local Sites/theatre-three/app/public/wp-content/mu-plugins/prevent_page_scroll.php:9) in /Users/max/Local Sites/theatre-three/app/public/wp-content/themes/theatre-three-theme/functions.php on line 28
[02-Jan-2024 04:22:41 UTC] PHP Fatal error:  Cannot redeclare prevent_page_scroll() (previously declared in /Users/max/Local Sites/theatre-three/app/public/wp-content/mu-plugins/prevent_page_scroll.php:9) in /Users/max/Local Sites/theatre-three/app/public/wp-content/themes/theatre-three-theme/functions.php on line 28
[04-Jan-2024 15:46:53 UTC] PHP Warning:  Undefined array key "score" in /Users/max/Local Sites/theatre-three/app/public/wp-content/plugins/elementor-pro/modules/forms/classes/recaptcha-v3-handler.php on line 124
[04-Jan-2024 15:46:56 UTC] PHP Warning:  Undefined array key "score" in /Users/max/Local Sites/theatre-three/app/public/wp-content/plugins/elementor-pro/modules/forms/classes/recaptcha-v3-handler.php on line 124
[06-Jan-2024 19:46:58 UTC] PHP Warning:  Attempt to read property "title" on null in /Users/max/Local Sites/theatre-three/app/public/wp-includes/class-wp-customize-widgets.php on line 905
[13-Jan-2024 15:18:44 UTC] PHP Warning:  An unexpected error occurred. Something may be wrong with WordPress.org or this server&#8217;s configuration. If you continue to have problems, please try the <a href="https://wordpress.org/support/forums/">support forums</a>. (WordPress could not establish a secure connection to WordPress.org. Please contact your server administrator.) in /Users/max/Local Sites/theatre-three/app/public/wp-includes/update.php on line 211
[13-Jan-2024 15:18:44 UTC] PHP Warning:  An unexpected error occurred. Something may be wrong with WordPress.org or this server&#8217;s configuration. If you continue to have problems, please try the <a href="https://wordpress.org/support/forums/">support forums</a>. (WordPress could not establish a secure connection to WordPress.org. Please contact your server administrator.) in /Users/max/Local Sites/theatre-three/app/public/wp-includes/update.php on line 449
[13-Jan-2024 15:18:44 UTC] PHP Warning:  An unexpected error occurred. Something may be wrong with WordPress.org or this server&#8217;s configuration. If you continue to have problems, please try the <a href="https://wordpress.org/support/forums/">support forums</a>. (WordPress could not establish a secure connection to WordPress.org. Please contact your server administrator.) in /Users/max/Local Sites/theatre-three/app/public/wp-includes/update.php on line 730
[14-Jan-2024 23:01:42 UTC] PHP Fatal error:  Uncaught Error: Call to undefined function Elementor\Core\get_plugins() in /Users/max/Local Sites/theatre-three/app/public/wp-content/plugins/elementor/core/wp-api.php:26
Stack trace:
#0 /Users/max/Local Sites/theatre-three/app/public/wp-content/plugins/elementor/modules/compatibility-tag/base-module.php(96): Elementor\Core\Wp_Api->get_plugins()
#1 /Users/max/Local Sites/theatre-three/app/public/wp-content/plugins/elementor/modules/compatibility-tag/base-module.php(58): Elementor\Modules\CompatibilityTag\Base_Module->get_plugins_with_header()
#2 /Users/max/Local Sites/theatre-three/app/public/wp-content/plugins/elementor/modules/compatibility-tag/module.php(57): Elementor\Modules\CompatibilityTag\Base_Module->get_plugins_to_check()
#3 /Users/max/Local Sites/theatre-three/app/public/wp-content/plugins/elementor/modules/compatibility-tag/base-module.php(148): Elementor\Modules\CompatibilityTag\Module->get_plugins_to_check()
#4 /Users/max/Local Sites/theatre-three/app/public/wp-includes/class-wp-hook.php(310): Elementor\Modules\CompatibilityTag\Base_Module->Elementor\Modules\CompatibilityTag\{closure}('')
#5 /Users/max/Local Sites/theatre-three/app/public/wp-includes/class-wp-hook.php(334): WP_Hook->apply_filters('', Array)
#6 /Users/max/Local Sites/theatre-three/app/public/wp-includes/plugin.php(517): WP_Hook->do_action(Array)
#7 /Users/max/Local Sites/theatre-three/app/public/wp-content/plugins/elementor/modules/system-info/module.php(340): do_action('elementor/syste...')
#8 /Users/max/Local Sites/theatre-three/app/public/wp-content/plugins/elementor/includes/tracker.php(241): Elementor\Modules\System_Info\Module::get_allowed_reports()
#9 /Users/max/Local Sites/theatre-three/app/public/wp-content/plugins/elementor/includes/tracker.php(530): Elementor\Tracker::get_system_reports_data()
#10 /Users/max/Local Sites/theatre-three/app/public/wp-content/plugins/elementor/includes/tracker.php(141): Elementor\Tracker::get_tracking_data(false)
#11 /Users/max/Local Sites/theatre-three/app/public/wp-includes/class-wp-hook.php(310): Elementor\Tracker::send_tracking_data()
#12 /Users/max/Local Sites/theatre-three/app/public/wp-includes/class-wp-hook.php(334): WP_Hook->apply_filters('', Array)
#13 /Users/max/Local Sites/theatre-three/app/public/wp-includes/plugin.php(565): WP_Hook->do_action(Array)
#14 /Users/max/Local Sites/theatre-three/app/public/wp-cron.php(191): do_action_ref_array('elementor/track...', Array)
#15 {main}
  thrown in /Users/max/Local Sites/theatre-three/app/public/wp-content/plugins/elementor/core/wp-api.php on line 26
[15-Jan-2024 16:06:35 UTC] PHP Warning:  An unexpected error occurred. Something may be wrong with WordPress.org or this server&#8217;s configuration. If you continue to have problems, please try the <a href="https://wordpress.org/support/forums/">support forums</a>. (WordPress could not establish a secure connection to WordPress.org. Please contact your server administrator.) in /Users/max/Local Sites/theatre-three/app/public/wp-includes/update.php on line 449
[15-Jan-2024 16:06:35 UTC] PHP Warning:  An unexpected error occurred. Something may be wrong with WordPress.org or this server&#8217;s configuration. If you continue to have problems, please try the <a href="https://wordpress.org/support/forums/">support forums</a>. (WordPress could not establish a secure connection to WordPress.org. Please contact your server administrator.) in /Users/max/Local Sites/theatre-three/app/public/wp-includes/update.php on line 730
[02-Feb-2024 15:50:38 UTC] PHP Warning:  An unexpected error occurred. Something may be wrong with WordPress.org or this server&#8217;s configuration. If you continue to have problems, please try the <a href="https://wordpress.org/support/forums/">support forums</a>. (WordPress could not establish a secure connection to WordPress.org. Please contact your server administrator.) in /Users/max/Local Sites/theatre-three/app/public/wp-admin/includes/update.php on line 154
[02-Feb-2024 15:50:39 UTC] PHP Warning:  An unexpected error occurred. Something may be wrong with WordPress.org or this server&#8217;s configuration. If you continue to have problems, please try the <a href="https://wordpress.org/support/forums/">support forums</a>. (WordPress could not establish a secure connection to WordPress.org. Please contact your server administrator.) in /Users/max/Local Sites/theatre-three/app/public/wp-includes/update.php on line 211
[02-Feb-2024 15:50:39 UTC] PHP Warning:  An unexpected error occurred. Something may be wrong with WordPress.org or this server&#8217;s configuration. If you continue to have problems, please try the <a href="https://wordpress.org/support/forums/">support forums</a>. (WordPress could not establish a secure connection to WordPress.org. Please contact your server administrator.) in /Users/max/Local Sites/theatre-three/app/public/wp-includes/update.php on line 449
[02-Feb-2024 15:50:39 UTC] PHP Warning:  An unexpected error occurred. Something may be wrong with WordPress.org or this server&#8217;s configuration. If you continue to have problems, please try the <a href="https://wordpress.org/support/forums/">support forums</a>. (WordPress could not establish a secure connection to WordPress.org. Please contact your server administrator.) in /Users/max/Local Sites/theatre-three/app/public/wp-includes/update.php on line 730
[02-Feb-2024 17:11:45 UTC] PHP Fatal error:  Uncaught WCPay\Exceptions\API_Exception: Your site host "theatre-three.local" is on a private network. Jetpack can only connect to public sites. in /Users/max/Local Sites/theatre-three/app/public/wp-content/plugins/woocommerce-payments/includes/wc-payment-api/class-wc-payments-http.php:194
Stack trace:
#0 /Users/max/Local Sites/theatre-three/app/public/wp-content/plugins/woocommerce-payments/includes/wc-payment-api/class-wc-payments-api-client.php(222): WC_Payments_Http->start_connection('http://theatre-...')
#1 /Users/max/Local Sites/theatre-three/app/public/wp-content/plugins/woocommerce-payments/includes/class-wc-payments-account.php(1923): WC_Payments_API_Client->start_server_connection('http://theatre-...')
#2 /Users/max/Local Sites/theatre-three/app/public/wp-content/plugins/woocommerce-payments/includes/class-wc-payments-account.php(1018): WC_Payments_Account->redirect_to_onboarding_flow_page()
#3 /Users/max/Local Sites/theatre-three/app/public/wp-includes/class-wp-hook.php(310): WC_Payments_Account->maybe_handle_onboarding('')
#4 /Users/max/Local Sites/theatre-three/app/public/wp-includes/class-wp-hook.php(334): WP_Hook->apply_filters(NULL, Array)
#5 /Users/max/Local Sites/theatre-three/app/public/wp-includes/plugin.php(517): WP_Hook->do_action(Array)
#6 /Users/max/Local Sites/theatre-three/app/public/wp-admin/admin.php(175): do_action('admin_init')
#7 {main}
  thrown in /Users/max/Local Sites/theatre-three/app/public/wp-content/plugins/woocommerce-payments/includes/wc-payment-api/class-wc-payments-http.php on line 194
[02-Feb-2024 21:19:40 UTC] PHP Fatal error:  Uncaught WCPay\Exceptions\API_Exception: Your site host "theatre-three.local" is on a private network. Jetpack can only connect to public sites. in /Users/max/Local Sites/theatre-three/app/public/wp-content/plugins/woocommerce-payments/includes/wc-payment-api/class-wc-payments-http.php:194
Stack trace:
#0 /Users/max/Local Sites/theatre-three/app/public/wp-content/plugins/woocommerce-payments/includes/wc-payment-api/class-wc-payments-api-client.php(222): WC_Payments_Http->start_connection('http://theatre-...')
#1 /Users/max/Local Sites/theatre-three/app/public/wp-content/plugins/woocommerce-payments/includes/class-wc-payments-account.php(1923): WC_Payments_API_Client->start_server_connection('http://theatre-...')
#2 /Users/max/Local Sites/theatre-three/app/public/wp-content/plugins/woocommerce-payments/includes/class-wc-payments-account.php(1018): WC_Payments_Account->redirect_to_onboarding_flow_page()
#3 /Users/max/Local Sites/theatre-three/app/public/wp-includes/class-wp-hook.php(310): WC_Payments_Account->maybe_handle_onboarding('')
#4 /Users/max/Local Sites/theatre-three/app/public/wp-includes/class-wp-hook.php(334): WP_Hook->apply_filters(NULL, Array)
#5 /Users/max/Local Sites/theatre-three/app/public/wp-includes/plugin.php(517): WP_Hook->do_action(Array)
#6 /Users/max/Local Sites/theatre-three/app/public/wp-admin/admin.php(175): do_action('admin_init')
#7 /Users/max/Local Sites/theatre-three/app/public/wp-admin/index.php(10): require_once('/Users/max/Loca...')
#8 {main}
  thrown in /Users/max/Local Sites/theatre-three/app/public/wp-content/plugins/woocommerce-payments/includes/wc-payment-api/class-wc-payments-http.php on line 194
[02-Feb-2024 21:19:47 UTC] PHP Fatal error:  Uncaught WCPay\Exceptions\API_Exception: Your site host "theatre-three.local" is on a private network. Jetpack can only connect to public sites. in /Users/max/Local Sites/theatre-three/app/public/wp-content/plugins/woocommerce-payments/includes/wc-payment-api/class-wc-payments-http.php:194
Stack trace:
#0 /Users/max/Local Sites/theatre-three/app/public/wp-content/plugins/woocommerce-payments/includes/wc-payment-api/class-wc-payments-api-client.php(222): WC_Payments_Http->start_connection('http://theatre-...')
#1 /Users/max/Local Sites/theatre-three/app/public/wp-content/plugins/woocommerce-payments/includes/class-wc-payments-account.php(1923): WC_Payments_API_Client->start_server_connection('http://theatre-...')
#2 /Users/max/Local Sites/theatre-three/app/public/wp-content/plugins/woocommerce-payments/includes/class-wc-payments-account.php(1018): WC_Payments_Account->redirect_to_onboarding_flow_page()
#3 /Users/max/Local Sites/theatre-three/app/public/wp-includes/class-wp-hook.php(310): WC_Payments_Account->maybe_handle_onboarding('')
#4 /Users/max/Local Sites/theatre-three/app/public/wp-includes/class-wp-hook.php(334): WP_Hook->apply_filters(NULL, Array)
#5 /Users/max/Local Sites/theatre-three/app/public/wp-includes/plugin.php(517): WP_Hook->do_action(Array)
#6 /Users/max/Local Sites/theatre-three/app/public/wp-admin/admin.php(175): do_action('admin_init')
#7 /Users/max/Local Sites/theatre-three/app/public/wp-admin/index.php(10): require_once('/Users/max/Loca...')
#8 {main}
  thrown in /Users/max/Local Sites/theatre-three/app/public/wp-content/plugins/woocommerce-payments/includes/wc-payment-api/class-wc-payments-http.php on line 194
[02-Feb-2024 21:20:02 UTC] PHP Fatal error:  Uncaught WCPay\Exceptions\API_Exception: Your site host "theatre-three.local" is on a private network. Jetpack can only connect to public sites. in /Users/max/Local Sites/theatre-three/app/public/wp-content/plugins/woocommerce-payments/includes/wc-payment-api/class-wc-payments-http.php:194
Stack trace:
#0 /Users/max/Local Sites/theatre-three/app/public/wp-content/plugins/woocommerce-payments/includes/wc-payment-api/class-wc-payments-api-client.php(222): WC_Payments_Http->start_connection('http://theatre-...')
#1 /Users/max/Local Sites/theatre-three/app/public/wp-content/plugins/woocommerce-payments/includes/class-wc-payments-account.php(1923): WC_Payments_API_Client->start_server_connection('http://theatre-...')
#2 /Users/max/Local Sites/theatre-three/app/public/wp-content/plugins/woocommerce-payments/includes/class-wc-payments-account.php(1018): WC_Payments_Account->redirect_to_onboarding_flow_page()
#3 /Users/max/Local Sites/theatre-three/app/public/wp-includes/class-wp-hook.php(310): WC_Payments_Account->maybe_handle_onboarding('')
#4 /Users/max/Local Sites/theatre-three/app/public/wp-includes/class-wp-hook.php(334): WP_Hook->apply_filters(NULL, Array)
#5 /Users/max/Local Sites/theatre-three/app/public/wp-includes/plugin.php(517): WP_Hook->do_action(Array)
#6 /Users/max/Local Sites/theatre-three/app/public/wp-admin/admin.php(175): do_action('admin_init')
#7 {main}
  thrown in /Users/max/Local Sites/theatre-three/app/public/wp-content/plugins/woocommerce-payments/includes/wc-payment-api/class-wc-payments-http.php on line 194
[02-Feb-2024 21:23:23 UTC] PHP Fatal error:  Uncaught WCPay\Exceptions\API_Exception: Your site host "theatre-three.local" is on a private network. Jetpack can only connect to public sites. in /Users/max/Local Sites/theatre-three/app/public/wp-content/plugins/woocommerce-payments/includes/wc-payment-api/class-wc-payments-http.php:194
Stack trace:
#0 /Users/max/Local Sites/theatre-three/app/public/wp-content/plugins/woocommerce-payments/includes/wc-payment-api/class-wc-payments-api-client.php(222): WC_Payments_Http->start_connection('http://theatre-...')
#1 /Users/max/Local Sites/theatre-three/app/public/wp-content/plugins/woocommerce-payments/includes/class-wc-payments-account.php(1923): WC_Payments_API_Client->start_server_connection('http://theatre-...')
#2 /Users/max/Local Sites/theatre-three/app/public/wp-content/plugins/woocommerce-payments/includes/class-wc-payments-account.php(1018): WC_Payments_Account->redirect_to_onboarding_flow_page()
#3 /Users/max/Local Sites/theatre-three/app/public/wp-includes/class-wp-hook.php(310): WC_Payments_Account->maybe_handle_onboarding('')
#4 /Users/max/Local Sites/theatre-three/app/public/wp-includes/class-wp-hook.php(334): WP_Hook->apply_filters(NULL, Array)
#5 /Users/max/Local Sites/theatre-three/app/public/wp-includes/plugin.php(517): WP_Hook->do_action(Array)
#6 /Users/max/Local Sites/theatre-three/app/public/wp-admin/admin.php(175): do_action('admin_init')
#7 {main}
  thrown in /Users/max/Local Sites/theatre-three/app/public/wp-content/plugins/woocommerce-payments/includes/wc-payment-api/class-wc-payments-http.php on line 194
[02-Feb-2024 21:23:29 UTC] PHP Fatal error:  Uncaught WCPay\Exceptions\API_Exception: Your site host "theatre-three.local" is on a private network. Jetpack can only connect to public sites. in /Users/max/Local Sites/theatre-three/app/public/wp-content/plugins/woocommerce-payments/includes/wc-payment-api/class-wc-payments-http.php:194
Stack trace:
#0 /Users/max/Local Sites/theatre-three/app/public/wp-content/plugins/woocommerce-payments/includes/wc-payment-api/class-wc-payments-api-client.php(222): WC_Payments_Http->start_connection('http://theatre-...')
#1 /Users/max/Local Sites/theatre-three/app/public/wp-content/plugins/woocommerce-payments/includes/class-wc-payments-account.php(1923): WC_Payments_API_Client->start_server_connection('http://theatre-...')
#2 /Users/max/Local Sites/theatre-three/app/public/wp-content/plugins/woocommerce-payments/includes/class-wc-payments-account.php(1018): WC_Payments_Account->redirect_to_onboarding_flow_page()
#3 /Users/max/Local Sites/theatre-three/app/public/wp-includes/class-wp-hook.php(310): WC_Payments_Account->maybe_handle_onboarding('')
#4 /Users/max/Local Sites/theatre-three/app/public/wp-includes/class-wp-hook.php(334): WP_Hook->apply_filters(NULL, Array)
#5 /Users/max/Local Sites/theatre-three/app/public/wp-includes/plugin.php(517): WP_Hook->do_action(Array)
#6 /Users/max/Local Sites/theatre-three/app/public/wp-admin/admin.php(175): do_action('admin_init')
#7 {main}
  thrown in /Users/max/Local Sites/theatre-three/app/public/wp-content/plugins/woocommerce-payments/includes/wc-payment-api/class-wc-payments-http.php on line 194
[02-Feb-2024 21:25:25 UTC] PHP Fatal error:  Uncaught WCPay\Exceptions\API_Exception: Your site host "theatre-three.local" is on a private network. Jetpack can only connect to public sites. in /Users/max/Local Sites/theatre-three/app/public/wp-content/plugins/woocommerce-payments/includes/wc-payment-api/class-wc-payments-http.php:194
Stack trace:
#0 /Users/max/Local Sites/theatre-three/app/public/wp-content/plugins/woocommerce-payments/includes/wc-payment-api/class-wc-payments-api-client.php(222): WC_Payments_Http->start_connection('http://theatre-...')
#1 /Users/max/Local Sites/theatre-three/app/public/wp-content/plugins/woocommerce-payments/includes/class-wc-payments-account.php(1923): WC_Payments_API_Client->start_server_connection('http://theatre-...')
#2 /Users/max/Local Sites/theatre-three/app/public/wp-content/plugins/woocommerce-payments/includes/class-wc-payments-account.php(1018): WC_Payments_Account->redirect_to_onboarding_flow_page()
#3 /Users/max/Local Sites/theatre-three/app/public/wp-includes/class-wp-hook.php(310): WC_Payments_Account->maybe_handle_onboarding('')
#4 /Users/max/Local Sites/theatre-three/app/public/wp-includes/class-wp-hook.php(334): WP_Hook->apply_filters(NULL, Array)
#5 /Users/max/Local Sites/theatre-three/app/public/wp-includes/plugin.php(517): WP_Hook->do_action(Array)
#6 /Users/max/Local Sites/theatre-three/app/public/wp-admin/admin.php(175): do_action('admin_init')
#7 {main}
  thrown in /Users/max/Local Sites/theatre-three/app/public/wp-content/plugins/woocommerce-payments/includes/wc-payment-api/class-wc-payments-http.php on line 194
[02-Feb-2024 21:27:17 UTC] PHP Fatal error:  Uncaught WCPay\Exceptions\API_Exception: Your site host "theatre-three.local" is on a private network. Jetpack can only connect to public sites. in /Users/max/Local Sites/theatre-three/app/public/wp-content/plugins/woocommerce-payments/includes/wc-payment-api/class-wc-payments-http.php:194
Stack trace:
#0 /Users/max/Local Sites/theatre-three/app/public/wp-content/plugins/woocommerce-payments/includes/wc-payment-api/class-wc-payments-api-client.php(222): WC_Payments_Http->start_connection('http://theatre-...')
#1 /Users/max/Local Sites/theatre-three/app/public/wp-content/plugins/woocommerce-payments/includes/class-wc-payments-account.php(1923): WC_Payments_API_Client->start_server_connection('http://theatre-...')
#2 /Users/max/Local Sites/theatre-three/app/public/wp-content/plugins/woocommerce-payments/includes/class-wc-payments-account.php(1018): WC_Payments_Account->redirect_to_onboarding_flow_page()
#3 /Users/max/Local Sites/theatre-three/app/public/wp-includes/class-wp-hook.php(310): WC_Payments_Account->maybe_handle_onboarding('')
#4 /Users/max/Local Sites/theatre-three/app/public/wp-includes/class-wp-hook.php(334): WP_Hook->apply_filters(NULL, Array)
#5 /Users/max/Local Sites/theatre-three/app/public/wp-includes/plugin.php(517): WP_Hook->do_action(Array)
#6 /Users/max/Local Sites/theatre-three/app/public/wp-admin/admin.php(175): do_action('admin_init')
#7 /Users/max/Local Sites/theatre-three/app/public/wp-admin/index.php(10): require_once('/Users/max/Loca...')
#8 {main}
  thrown in /Users/max/Local Sites/theatre-three/app/public/wp-content/plugins/woocommerce-payments/includes/wc-payment-api/class-wc-payments-http.php on line 194
[02-Feb-2024 21:52:40 UTC] PHP Fatal error:  Uncaught WCPay\Exceptions\API_Exception: Jetpack requires your site https://breakable-hammer.localsite.io/ to be publicly accessible. in /Users/max/Local Sites/theatre-three/app/public/wp-content/plugins/woocommerce-payments/includes/wc-payment-api/class-wc-payments-http.php:194
Stack trace:
#0 /Users/max/Local Sites/theatre-three/app/public/wp-content/plugins/woocommerce-payments/includes/wc-payment-api/class-wc-payments-api-client.php(222): WC_Payments_Http->start_connection('https://breakab...')
#1 /Users/max/Local Sites/theatre-three/app/public/wp-content/plugins/woocommerce-payments/includes/class-wc-payments-account.php(1923): WC_Payments_API_Client->start_server_connection('https://breakab...')
#2 /Users/max/Local Sites/theatre-three/app/public/wp-content/plugins/woocommerce-payments/includes/class-wc-payments-account.php(1018): WC_Payments_Account->redirect_to_onboarding_flow_page()
#3 /Users/max/Local Sites/theatre-three/app/public/wp-includes/class-wp-hook.php(310): WC_Payments_Account->maybe_handle_onboarding('')
#4 /Users/max/Local Sites/theatre-three/app/public/wp-includes/class-wp-hook.php(334): WP_Hook->apply_filters(NULL, Array)
#5 /Users/max/Local Sites/theatre-three/app/public/wp-includes/plugin.php(517): WP_Hook->do_action(Array)
#6 /Users/max/Local Sites/theatre-three/app/public/wp-admin/admin.php(175): do_action('admin_init')
#7 /Users/max/Local Sites/theatre-three/app/public/wp-admin/index.php(10): require_once('/Users/max/Loca...')
#8 {main}
  thrown in /Users/max/Local Sites/theatre-three/app/public/wp-content/plugins/woocommerce-payments/includes/wc-payment-api/class-wc-payments-http.php on line 194
[07-Feb-2024 22:56:42 UTC] PHP Parse error:  syntax error, unexpected token "<", expecting end of file in /Users/max/Local Sites/theatre-three/app/public/wp-content/themes/theatre-three-theme/archive-second_stage_show.php on line 115
[08-Feb-2024 13:06:13 UTC] PHP Warning:  An unexpected error occurred. Something may be wrong with WordPress.org or this server&#8217;s configuration. If you continue to have problems, please try the <a href="https://wordpress.org/support/forums/">support forums</a>. (WordPress could not establish a secure connection to WordPress.org. Please contact your server administrator.) in /Users/max/Local Sites/theatre-three/app/public/wp-includes/update.php on line 211
[08-Feb-2024 13:06:13 UTC] PHP Warning:  An unexpected error occurred. Something may be wrong with WordPress.org or this server&#8217;s configuration. If you continue to have problems, please try the <a href="https://wordpress.org/support/forums/">support forums</a>. (WordPress could not establish a secure connection to WordPress.org. Please contact your server administrator.) in /Users/max/Local Sites/theatre-three/app/public/wp-includes/update.php on line 449
[08-Feb-2024 13:06:13 UTC] PHP Warning:  An unexpected error occurred. Something may be wrong with WordPress.org or this server&#8217;s configuration. If you continue to have problems, please try the <a href="https://wordpress.org/support/forums/">support forums</a>. (WordPress could not establish a secure connection to WordPress.org. Please contact your server administrator.) in /Users/max/Local Sites/theatre-three/app/public/wp-includes/update.php on line 730
[08-Feb-2024 16:59:57 UTC] PHP Parse error:  syntax error, unexpected token "<", expecting end of file in /Users/max/Local Sites/theatre-three/app/public/wp-content/themes/theatre-three-theme/archive-acting_class.php on line 118
[09-Feb-2024 17:29:54 UTC] PHP Fatal error:  Uncaught WCPay\Exceptions\API_Exception: Your site host "localhost" is on a private network. Jetpack can only connect to public sites. in /Users/max/Local Sites/theatre-three/app/public/wp-content/plugins/woocommerce-payments/includes/wc-payment-api/class-wc-payments-http.php:194
Stack trace:
#0 /Users/max/Local Sites/theatre-three/app/public/wp-content/plugins/woocommerce-payments/includes/wc-payment-api/class-wc-payments-api-client.php(222): WC_Payments_Http->start_connection('http://localhos...')
#1 /Users/max/Local Sites/theatre-three/app/public/wp-content/plugins/woocommerce-payments/includes/class-wc-payments-account.php(1923): WC_Payments_API_Client->start_server_connection('http://localhos...')
#2 /Users/max/Local Sites/theatre-three/app/public/wp-content/plugins/woocommerce-payments/includes/class-wc-payments-account.php(1018): WC_Payments_Account->redirect_to_onboarding_flow_page()
#3 /Users/max/Local Sites/theatre-three/app/public/wp-includes/class-wp-hook.php(310): WC_Payments_Account->maybe_handle_onboarding('')
#4 /Users/max/Local Sites/theatre-three/app/public/wp-includes/class-wp-hook.php(334): WP_Hook->apply_filters(NULL, Array)
#5 /Users/max/Local Sites/theatre-three/app/public/wp-includes/plugin.php(517): WP_Hook->do_action(Array)
#6 /Users/max/Local Sites/theatre-three/app/public/wp-admin/admin.php(175): do_action('admin_init')
#7 {main}
  thrown in /Users/max/Local Sites/theatre-three/app/public/wp-content/plugins/woocommerce-payments/includes/wc-payment-api/class-wc-payments-http.php on line 194
[10-Feb-2024 16:52:31 UTC] PHP Warning:  Undefined array key "calendar_type" in /Users/max/Local Sites/theatre-three/app/public/wp-content/plugins/elementor-pro/modules/query-control/module.php on line 767
[10-Feb-2024 16:52:31 UTC] PHP Warning:  Attempt to read property "labels" on null in /Users/max/Local Sites/theatre-three/app/public/wp-content/plugins/elementor-pro/modules/query-control/module.php on line 767
[10-Feb-2024 16:52:31 UTC] PHP Warning:  Attempt to read property "name" on null in /Users/max/Local Sites/theatre-three/app/public/wp-content/plugins/elementor-pro/modules/query-control/module.php on line 767
[10-Feb-2024 16:52:34 UTC] PHP Warning:  Undefined array key "calendar_type" in /Users/max/Local Sites/theatre-three/app/public/wp-content/plugins/elementor-pro/modules/query-control/module.php on line 767
[10-Feb-2024 16:52:34 UTC] PHP Warning:  Attempt to read property "labels" on null in /Users/max/Local Sites/theatre-three/app/public/wp-content/plugins/elementor-pro/modules/query-control/module.php on line 767
[10-Feb-2024 16:52:34 UTC] PHP Warning:  Attempt to read property "name" on null in /Users/max/Local Sites/theatre-three/app/public/wp-content/plugins/elementor-pro/modules/query-control/module.php on line 767
