[16-Aug-2023 21:53:24] NOTICE: fpm is running, pid 5886
[16-Aug-2023 21:53:24] NOTICE: ready to handle connections
[16-Aug-2023 22:06:19] NOTICE: Terminating ...
[16-Aug-2023 22:06:19] NOTICE: Terminating ...
[16-Aug-2023 22:06:19] NOTICE: exiting, bye-bye!
[17-Aug-2023 10:24:12] NOTICE: fpm is running, pid 1722
[17-Aug-2023 10:24:12] NOTICE: ready to handle connections
[19-Aug-2023 08:08:01] NOTICE: Terminating ...
[19-Aug-2023 08:08:01] NOTICE: Terminating ...
[19-Aug-2023 08:08:01] NOTICE: exiting, bye-bye!
[22-Aug-2023 21:45:09] NOTICE: fpm is running, pid 4064
[22-Aug-2023 21:45:09] NOTICE: ready to handle connections
[22-Aug-2023 23:48:07] NOTICE: Terminating ...
[22-Aug-2023 23:48:07] NOTICE: Terminating ...
[22-Aug-2023 23:48:07] NOTICE: exiting, bye-bye!
[23-Aug-2023 08:27:59] NOTICE: fpm is running, pid 1973
[23-Aug-2023 08:27:59] NOTICE: ready to handle connections
[23-Aug-2023 13:37:04] NOTICE: Terminating ...
[23-Aug-2023 13:37:04] NOTICE: Terminating ...
[23-Aug-2023 13:37:04] NOTICE: exiting, bye-bye!
[23-Aug-2023 13:37:14] NOTICE: fpm is running, pid 6587
[23-Aug-2023 13:37:14] NOTICE: ready to handle connections
[23-Aug-2023 23:15:26] NOTICE: Terminating ...
[23-Aug-2023 23:15:26] NOTICE: Terminating ...
[23-Aug-2023 23:15:26] NOTICE: exiting, bye-bye!
[24-Aug-2023 00:56:12] NOTICE: fpm is running, pid 2178
[24-Aug-2023 00:56:12] NOTICE: ready to handle connections
[24-Aug-2023 02:33:44] NOTICE: Terminating ...
[24-Aug-2023 02:33:44] NOTICE: Terminating ...
[24-Aug-2023 02:33:44] NOTICE: exiting, bye-bye!
[24-Aug-2023 08:51:32] NOTICE: fpm is running, pid 1923
[24-Aug-2023 08:51:32] NOTICE: ready to handle connections
[24-Aug-2023 11:23:23] NOTICE: fpm is running, pid 24980
[24-Aug-2023 11:23:23] NOTICE: ready to handle connections
[27-Aug-2023 09:32:23] NOTICE: fpm is running, pid 5958
[27-Aug-2023 09:32:23] NOTICE: ready to handle connections
[29-Aug-2023 20:09:29] NOTICE: fpm is running, pid 1781
[29-Aug-2023 20:09:29] NOTICE: ready to handle connections
[29-Aug-2023 23:47:08] NOTICE: Terminating ...
[29-Aug-2023 23:47:08] NOTICE: Terminating ...
[29-Aug-2023 23:47:08] NOTICE: exiting, bye-bye!
[30-Aug-2023 09:33:05] NOTICE: fpm is running, pid 2095
[30-Aug-2023 09:33:05] NOTICE: ready to handle connections
[04-Sep-2023 13:07:03] NOTICE: fpm is running, pid 2337
[04-Sep-2023 13:07:03] NOTICE: ready to handle connections
[04-Sep-2023 13:24:26] NOTICE: Terminating ...
[04-Sep-2023 13:24:26] NOTICE: Terminating ...
[04-Sep-2023 13:24:26] NOTICE: exiting, bye-bye!
[04-Sep-2023 13:24:29] NOTICE: fpm is running, pid 3050
[04-Sep-2023 13:24:29] NOTICE: ready to handle connections
[08-Sep-2023 12:11:01] NOTICE: fpm is running, pid 2377
[08-Sep-2023 12:11:02] NOTICE: ready to handle connections
[09-Sep-2023 08:59:47] NOTICE: Terminating ...
[09-Sep-2023 08:59:47] NOTICE: Terminating ...
[09-Sep-2023 08:59:47] NOTICE: exiting, bye-bye!
[11-Sep-2023 09:46:58] NOTICE: fpm is running, pid 2108
[11-Sep-2023 09:46:58] NOTICE: ready to handle connections
[12-Sep-2023 17:19:49] NOTICE: Terminating ...
[12-Sep-2023 17:19:49] NOTICE: Terminating ...
[12-Sep-2023 17:19:49] NOTICE: exiting, bye-bye!
[13-Sep-2023 13:13:26] NOTICE: fpm is running, pid 5367
[13-Sep-2023 13:13:26] NOTICE: ready to handle connections
[15-Sep-2023 09:05:33] NOTICE: fpm is running, pid 2340
[15-Sep-2023 09:05:33] NOTICE: ready to handle connections
[15-Sep-2023 21:26:41] NOTICE: Terminating ...
[15-Sep-2023 21:26:41] NOTICE: Terminating ...
[15-Sep-2023 21:26:41] NOTICE: exiting, bye-bye!
[16-Sep-2023 09:32:45] NOTICE: fpm is running, pid 2547
[16-Sep-2023 09:32:45] NOTICE: ready to handle connections
[16-Sep-2023 10:23:03] NOTICE: Terminating ...
[16-Sep-2023 10:23:03] NOTICE: Terminating ...
[16-Sep-2023 10:23:03] NOTICE: exiting, bye-bye!
[19-Sep-2023 12:12:24] NOTICE: fpm is running, pid 5830
[19-Sep-2023 12:12:24] NOTICE: ready to handle connections
[23-Sep-2023 01:00:06] NOTICE: Terminating ...
[23-Sep-2023 01:00:06] NOTICE: Terminating ...
[23-Sep-2023 01:00:06] NOTICE: exiting, bye-bye!
[25-Sep-2023 10:18:12] NOTICE: fpm is running, pid 4653
[25-Sep-2023 10:18:12] NOTICE: ready to handle connections
[28-Sep-2023 00:03:12] NOTICE: Terminating ...
[28-Sep-2023 00:03:12] NOTICE: Terminating ...
[28-Sep-2023 00:03:12] NOTICE: exiting, bye-bye!
[28-Sep-2023 10:39:36] NOTICE: fpm is running, pid 2240
[28-Sep-2023 10:39:36] NOTICE: ready to handle connections
[28-Sep-2023 17:30:20] NOTICE: Terminating ...
[28-Sep-2023 17:30:20] NOTICE: Terminating ...
[28-Sep-2023 17:30:20] NOTICE: exiting, bye-bye!
[30-Sep-2023 15:47:39] NOTICE: fpm is running, pid 11843
[30-Sep-2023 15:47:39] NOTICE: ready to handle connections
[03-Nov-2023 19:18:36] NOTICE: Terminating ...
[03-Nov-2023 19:18:36] NOTICE: Terminating ...
[03-Nov-2023 19:18:36] NOTICE: exiting, bye-bye!
[03-Nov-2023 19:19:09] NOTICE: fpm is running, pid 45124
[03-Nov-2023 19:19:09] NOTICE: ready to handle connections
[07-Dec-2023 11:53:06] NOTICE: fpm is running, pid 40690
[07-Dec-2023 11:53:06] NOTICE: ready to handle connections
[10-Dec-2023 21:26:25] NOTICE: Terminating ...
[10-Dec-2023 21:26:25] NOTICE: Terminating ...
[10-Dec-2023 21:26:25] NOTICE: exiting, bye-bye!
[12-Dec-2023 20:20:01] NOTICE: fpm is running, pid 9634
[12-Dec-2023 20:20:01] NOTICE: ready to handle connections
[12-Dec-2023 20:22:57] NOTICE: Terminating ...
[12-Dec-2023 20:22:57] NOTICE: Terminating ...
[12-Dec-2023 20:22:57] NOTICE: exiting, bye-bye!
[15-Dec-2023 19:15:44] NOTICE: fpm is running, pid 6829
[15-Dec-2023 19:15:44] NOTICE: ready to handle connections
[16-Dec-2023 10:38:50] NOTICE: fpm is running, pid 2270
[16-Dec-2023 10:38:50] NOTICE: ready to handle connections
[17-Dec-2023 22:44:42] NOTICE: Terminating ...
[17-Dec-2023 22:44:42] NOTICE: Terminating ...
[17-Dec-2023 22:44:42] NOTICE: exiting, bye-bye!
[20-Dec-2023 09:51:05] NOTICE: fpm is running, pid 12400
[20-Dec-2023 09:51:05] NOTICE: ready to handle connections
