2024-02-02T17:11:46+00:00 CRITICAL Uncaught WCPay\Exceptions\API_Exception: Your site host "theatre-three.local" is on a private network. Jetpack can only connect to public sites. in /Users/max/Local Sites/theatre-three/app/public/wp-content/plugins/woocommerce-payments/includes/wc-payment-api/class-wc-payments-http.php:194
Stack trace:
#0 /Users/max/Local Sites/theatre-three/app/public/wp-content/plugins/woocommerce-payments/includes/wc-payment-api/class-wc-payments-api-client.php(222): WC_Payments_Http->start_connection('http://theatre-...')
#1 /Users/max/Local Sites/theatre-three/app/public/wp-content/plugins/woocommerce-payments/includes/class-wc-payments-account.php(1923): WC_Payments_API_Client->start_server_connection('http://theatre-...')
#2 /Users/max/Local Sites/theatre-three/app/public/wp-content/plugins/woocommerce-payments/includes/class-wc-payments-account.php(1018): WC_Payments_Account->redirect_to_onboarding_flow_page()
#3 /Users/max/Local Sites/theatre-three/app/public/wp-includes/class-wp-hook.php(310): WC_Payments_Account->maybe_handle_onboarding('')
#4 /Users/max/Local Sites/theatre-three/app/public/wp-includes/class-wp-hook.php(334): WP_Hook->apply_filters(NULL, Array)
#5 /Users/max/Local Sites/theatre-three/app/public/wp-includes/plugin.php(517): WP_Hook->do_action(Array)
#6 /Users/max/Local Sites/theatre-three/app/public/wp-admin/admin.php(175): do_action('admin_init')
#7 {main}
  thrown in /Users/max/Local Sites/theatre-three/app/public/wp-content/plugins/woocommerce-payments/includes/wc-payment-api/class-wc-payments-http.php on line 194

2024-02-02T21:19:40+00:00 CRITICAL Uncaught WCPay\Exceptions\API_Exception: Your site host "theatre-three.local" is on a private network. Jetpack can only connect to public sites. in /Users/max/Local Sites/theatre-three/app/public/wp-content/plugins/woocommerce-payments/includes/wc-payment-api/class-wc-payments-http.php:194
Stack trace:
#0 /Users/max/Local Sites/theatre-three/app/public/wp-content/plugins/woocommerce-payments/includes/wc-payment-api/class-wc-payments-api-client.php(222): WC_Payments_Http->start_connection('http://theatre-...')
#1 /Users/max/Local Sites/theatre-three/app/public/wp-content/plugins/woocommerce-payments/includes/class-wc-payments-account.php(1923): WC_Payments_API_Client->start_server_connection('http://theatre-...')
#2 /Users/max/Local Sites/theatre-three/app/public/wp-content/plugins/woocommerce-payments/includes/class-wc-payments-account.php(1018): WC_Payments_Account->redirect_to_onboarding_flow_page()
#3 /Users/max/Local Sites/theatre-three/app/public/wp-includes/class-wp-hook.php(310): WC_Payments_Account->maybe_handle_onboarding('')
#4 /Users/max/Local Sites/theatre-three/app/public/wp-includes/class-wp-hook.php(334): WP_Hook->apply_filters(NULL, Array)
#5 /Users/max/Local Sites/theatre-three/app/public/wp-includes/plugin.php(517): WP_Hook->do_action(Array)
#6 /Users/max/Local Sites/theatre-three/app/public/wp-admin/admin.php(175): do_action('admin_init')
#7 /Users/max/Local Sites/theatre-three/app/public/wp-admin/index.php(10): require_once('/Users/max/Loca...')
#8 {main}
  thrown in /Users/max/Local Sites/theatre-three/app/public/wp-content/plugins/woocommerce-payments/includes/wc-payment-api/class-wc-payments-http.php on line 194

2024-02-02T21:19:47+00:00 CRITICAL Uncaught WCPay\Exceptions\API_Exception: Your site host "theatre-three.local" is on a private network. Jetpack can only connect to public sites. in /Users/max/Local Sites/theatre-three/app/public/wp-content/plugins/woocommerce-payments/includes/wc-payment-api/class-wc-payments-http.php:194
Stack trace:
#0 /Users/max/Local Sites/theatre-three/app/public/wp-content/plugins/woocommerce-payments/includes/wc-payment-api/class-wc-payments-api-client.php(222): WC_Payments_Http->start_connection('http://theatre-...')
#1 /Users/max/Local Sites/theatre-three/app/public/wp-content/plugins/woocommerce-payments/includes/class-wc-payments-account.php(1923): WC_Payments_API_Client->start_server_connection('http://theatre-...')
#2 /Users/max/Local Sites/theatre-three/app/public/wp-content/plugins/woocommerce-payments/includes/class-wc-payments-account.php(1018): WC_Payments_Account->redirect_to_onboarding_flow_page()
#3 /Users/max/Local Sites/theatre-three/app/public/wp-includes/class-wp-hook.php(310): WC_Payments_Account->maybe_handle_onboarding('')
#4 /Users/max/Local Sites/theatre-three/app/public/wp-includes/class-wp-hook.php(334): WP_Hook->apply_filters(NULL, Array)
#5 /Users/max/Local Sites/theatre-three/app/public/wp-includes/plugin.php(517): WP_Hook->do_action(Array)
#6 /Users/max/Local Sites/theatre-three/app/public/wp-admin/admin.php(175): do_action('admin_init')
#7 /Users/max/Local Sites/theatre-three/app/public/wp-admin/index.php(10): require_once('/Users/max/Loca...')
#8 {main}
  thrown in /Users/max/Local Sites/theatre-three/app/public/wp-content/plugins/woocommerce-payments/includes/wc-payment-api/class-wc-payments-http.php on line 194

2024-02-02T21:20:03+00:00 CRITICAL Uncaught WCPay\Exceptions\API_Exception: Your site host "theatre-three.local" is on a private network. Jetpack can only connect to public sites. in /Users/max/Local Sites/theatre-three/app/public/wp-content/plugins/woocommerce-payments/includes/wc-payment-api/class-wc-payments-http.php:194
Stack trace:
#0 /Users/max/Local Sites/theatre-three/app/public/wp-content/plugins/woocommerce-payments/includes/wc-payment-api/class-wc-payments-api-client.php(222): WC_Payments_Http->start_connection('http://theatre-...')
#1 /Users/max/Local Sites/theatre-three/app/public/wp-content/plugins/woocommerce-payments/includes/class-wc-payments-account.php(1923): WC_Payments_API_Client->start_server_connection('http://theatre-...')
#2 /Users/max/Local Sites/theatre-three/app/public/wp-content/plugins/woocommerce-payments/includes/class-wc-payments-account.php(1018): WC_Payments_Account->redirect_to_onboarding_flow_page()
#3 /Users/max/Local Sites/theatre-three/app/public/wp-includes/class-wp-hook.php(310): WC_Payments_Account->maybe_handle_onboarding('')
#4 /Users/max/Local Sites/theatre-three/app/public/wp-includes/class-wp-hook.php(334): WP_Hook->apply_filters(NULL, Array)
#5 /Users/max/Local Sites/theatre-three/app/public/wp-includes/plugin.php(517): WP_Hook->do_action(Array)
#6 /Users/max/Local Sites/theatre-three/app/public/wp-admin/admin.php(175): do_action('admin_init')
#7 {main}
  thrown in /Users/max/Local Sites/theatre-three/app/public/wp-content/plugins/woocommerce-payments/includes/wc-payment-api/class-wc-payments-http.php on line 194

2024-02-02T21:23:24+00:00 CRITICAL Uncaught WCPay\Exceptions\API_Exception: Your site host "theatre-three.local" is on a private network. Jetpack can only connect to public sites. in /Users/max/Local Sites/theatre-three/app/public/wp-content/plugins/woocommerce-payments/includes/wc-payment-api/class-wc-payments-http.php:194
Stack trace:
#0 /Users/max/Local Sites/theatre-three/app/public/wp-content/plugins/woocommerce-payments/includes/wc-payment-api/class-wc-payments-api-client.php(222): WC_Payments_Http->start_connection('http://theatre-...')
#1 /Users/max/Local Sites/theatre-three/app/public/wp-content/plugins/woocommerce-payments/includes/class-wc-payments-account.php(1923): WC_Payments_API_Client->start_server_connection('http://theatre-...')
#2 /Users/max/Local Sites/theatre-three/app/public/wp-content/plugins/woocommerce-payments/includes/class-wc-payments-account.php(1018): WC_Payments_Account->redirect_to_onboarding_flow_page()
#3 /Users/max/Local Sites/theatre-three/app/public/wp-includes/class-wp-hook.php(310): WC_Payments_Account->maybe_handle_onboarding('')
#4 /Users/max/Local Sites/theatre-three/app/public/wp-includes/class-wp-hook.php(334): WP_Hook->apply_filters(NULL, Array)
#5 /Users/max/Local Sites/theatre-three/app/public/wp-includes/plugin.php(517): WP_Hook->do_action(Array)
#6 /Users/max/Local Sites/theatre-three/app/public/wp-admin/admin.php(175): do_action('admin_init')
#7 {main}
  thrown in /Users/max/Local Sites/theatre-three/app/public/wp-content/plugins/woocommerce-payments/includes/wc-payment-api/class-wc-payments-http.php on line 194

2024-02-02T21:23:29+00:00 CRITICAL Uncaught WCPay\Exceptions\API_Exception: Your site host "theatre-three.local" is on a private network. Jetpack can only connect to public sites. in /Users/max/Local Sites/theatre-three/app/public/wp-content/plugins/woocommerce-payments/includes/wc-payment-api/class-wc-payments-http.php:194
Stack trace:
#0 /Users/max/Local Sites/theatre-three/app/public/wp-content/plugins/woocommerce-payments/includes/wc-payment-api/class-wc-payments-api-client.php(222): WC_Payments_Http->start_connection('http://theatre-...')
#1 /Users/max/Local Sites/theatre-three/app/public/wp-content/plugins/woocommerce-payments/includes/class-wc-payments-account.php(1923): WC_Payments_API_Client->start_server_connection('http://theatre-...')
#2 /Users/max/Local Sites/theatre-three/app/public/wp-content/plugins/woocommerce-payments/includes/class-wc-payments-account.php(1018): WC_Payments_Account->redirect_to_onboarding_flow_page()
#3 /Users/max/Local Sites/theatre-three/app/public/wp-includes/class-wp-hook.php(310): WC_Payments_Account->maybe_handle_onboarding('')
#4 /Users/max/Local Sites/theatre-three/app/public/wp-includes/class-wp-hook.php(334): WP_Hook->apply_filters(NULL, Array)
#5 /Users/max/Local Sites/theatre-three/app/public/wp-includes/plugin.php(517): WP_Hook->do_action(Array)
#6 /Users/max/Local Sites/theatre-three/app/public/wp-admin/admin.php(175): do_action('admin_init')
#7 {main}
  thrown in /Users/max/Local Sites/theatre-three/app/public/wp-content/plugins/woocommerce-payments/includes/wc-payment-api/class-wc-payments-http.php on line 194

2024-02-02T21:25:25+00:00 CRITICAL Uncaught WCPay\Exceptions\API_Exception: Your site host "theatre-three.local" is on a private network. Jetpack can only connect to public sites. in /Users/max/Local Sites/theatre-three/app/public/wp-content/plugins/woocommerce-payments/includes/wc-payment-api/class-wc-payments-http.php:194
Stack trace:
#0 /Users/max/Local Sites/theatre-three/app/public/wp-content/plugins/woocommerce-payments/includes/wc-payment-api/class-wc-payments-api-client.php(222): WC_Payments_Http->start_connection('http://theatre-...')
#1 /Users/max/Local Sites/theatre-three/app/public/wp-content/plugins/woocommerce-payments/includes/class-wc-payments-account.php(1923): WC_Payments_API_Client->start_server_connection('http://theatre-...')
#2 /Users/max/Local Sites/theatre-three/app/public/wp-content/plugins/woocommerce-payments/includes/class-wc-payments-account.php(1018): WC_Payments_Account->redirect_to_onboarding_flow_page()
#3 /Users/max/Local Sites/theatre-three/app/public/wp-includes/class-wp-hook.php(310): WC_Payments_Account->maybe_handle_onboarding('')
#4 /Users/max/Local Sites/theatre-three/app/public/wp-includes/class-wp-hook.php(334): WP_Hook->apply_filters(NULL, Array)
#5 /Users/max/Local Sites/theatre-three/app/public/wp-includes/plugin.php(517): WP_Hook->do_action(Array)
#6 /Users/max/Local Sites/theatre-three/app/public/wp-admin/admin.php(175): do_action('admin_init')
#7 {main}
  thrown in /Users/max/Local Sites/theatre-three/app/public/wp-content/plugins/woocommerce-payments/includes/wc-payment-api/class-wc-payments-http.php on line 194

2024-02-02T21:27:17+00:00 CRITICAL Uncaught WCPay\Exceptions\API_Exception: Your site host "theatre-three.local" is on a private network. Jetpack can only connect to public sites. in /Users/max/Local Sites/theatre-three/app/public/wp-content/plugins/woocommerce-payments/includes/wc-payment-api/class-wc-payments-http.php:194
Stack trace:
#0 /Users/max/Local Sites/theatre-three/app/public/wp-content/plugins/woocommerce-payments/includes/wc-payment-api/class-wc-payments-api-client.php(222): WC_Payments_Http->start_connection('http://theatre-...')
#1 /Users/max/Local Sites/theatre-three/app/public/wp-content/plugins/woocommerce-payments/includes/class-wc-payments-account.php(1923): WC_Payments_API_Client->start_server_connection('http://theatre-...')
#2 /Users/max/Local Sites/theatre-three/app/public/wp-content/plugins/woocommerce-payments/includes/class-wc-payments-account.php(1018): WC_Payments_Account->redirect_to_onboarding_flow_page()
#3 /Users/max/Local Sites/theatre-three/app/public/wp-includes/class-wp-hook.php(310): WC_Payments_Account->maybe_handle_onboarding('')
#4 /Users/max/Local Sites/theatre-three/app/public/wp-includes/class-wp-hook.php(334): WP_Hook->apply_filters(NULL, Array)
#5 /Users/max/Local Sites/theatre-three/app/public/wp-includes/plugin.php(517): WP_Hook->do_action(Array)
#6 /Users/max/Local Sites/theatre-three/app/public/wp-admin/admin.php(175): do_action('admin_init')
#7 /Users/max/Local Sites/theatre-three/app/public/wp-admin/index.php(10): require_once('/Users/max/Loca...')
#8 {main}
  thrown in /Users/max/Local Sites/theatre-three/app/public/wp-content/plugins/woocommerce-payments/includes/wc-payment-api/class-wc-payments-http.php on line 194

2024-02-02T21:52:40+00:00 CRITICAL Uncaught WCPay\Exceptions\API_Exception: Jetpack requires your site https://breakable-hammer.localsite.io/ to be publicly accessible. in /Users/max/Local Sites/theatre-three/app/public/wp-content/plugins/woocommerce-payments/includes/wc-payment-api/class-wc-payments-http.php:194
Stack trace:
#0 /Users/max/Local Sites/theatre-three/app/public/wp-content/plugins/woocommerce-payments/includes/wc-payment-api/class-wc-payments-api-client.php(222): WC_Payments_Http->start_connection('https://breakab...')
#1 /Users/max/Local Sites/theatre-three/app/public/wp-content/plugins/woocommerce-payments/includes/class-wc-payments-account.php(1923): WC_Payments_API_Client->start_server_connection('https://breakab...')
#2 /Users/max/Local Sites/theatre-three/app/public/wp-content/plugins/woocommerce-payments/includes/class-wc-payments-account.php(1018): WC_Payments_Account->redirect_to_onboarding_flow_page()
#3 /Users/max/Local Sites/theatre-three/app/public/wp-includes/class-wp-hook.php(310): WC_Payments_Account->maybe_handle_onboarding('')
#4 /Users/max/Local Sites/theatre-three/app/public/wp-includes/class-wp-hook.php(334): WP_Hook->apply_filters(NULL, Array)
#5 /Users/max/Local Sites/theatre-three/app/public/wp-includes/plugin.php(517): WP_Hook->do_action(Array)
#6 /Users/max/Local Sites/theatre-three/app/public/wp-admin/admin.php(175): do_action('admin_init')
#7 /Users/max/Local Sites/theatre-three/app/public/wp-admin/index.php(10): require_once('/Users/max/Loca...')
#8 {main}
  thrown in /Users/max/Local Sites/theatre-three/app/public/wp-content/plugins/woocommerce-payments/includes/wc-payment-api/class-wc-payments-http.php on line 194

